0 69
1 69
1 68
1 67
1 66
1 65
1 64
1 63
1 62
1 61
1 60
1 59
1 58
1 57
1 56
1 55
1 54
1 53
1 52
1 51
1 50
1 49
1 48
2 48
3 48
4 48
5 48
6 48
7 48
7 47
7 46
7 45
7 44
7 43
7 42
7 41
7 40
7 39
7 38
8 38
9 38
10 38
11 38
12 38
13 38
14 38
15 38
16 38
17 38
18 38
19 38
20 38
21 38
22 38
23 38
24 38
25 38
26 38
26 37
26 36
26 35
26 34
26 33
26 32
26 31
26 30
26 29
26 28
26 27
26 26
25 26
24 26
23 26
22 26
21 26
20 26
19 26
18 26
17 26
16 26
15 26
14 26
14 25
14 24
14 23
14 22
14 21
14 20
14 19
14 18
14 17
15 17
16 17
17 17
18 17
19 17
20 17
21 17
22 17
23 17
23 16
23 15
23 14
23 13
23 12
23 11
23 10
23 9
23 8
24 8
25 8
26 8
27 8
28 8
29 8
30 8
31 8
32 8
33 8
34 8
35 8
36 8
37 8
38 8
39 8
40 8
41 8
42 8
43 8
44 8
45 8
46 8
47 8
48 8
49 8
50 8
51 8
52 8
53 8
54 8
55 8
56 8
57 8
58 8
59 8
60 8
61 8
62 8
63 8
64 8
65 8
66 8
67 8
68 8
69 8
70 8
71 8
72 8
73 8
74 8
75 8
76 8
77 8
78 8
79 8
80 8
81 8
82 8
83 8
84 8
85 8
86 8
87 8
88 8
89 8
90 8
91 8
92 8
93 8
93 7
94 7
95 7
96 7
97 7
98 7
99 7
100 7
101 7
102 7
102 6
102 5
102 4
103 4
104 4
105 4
106 4
107 4
108 4
109 4
110 4
111 4
112 4
113 4
114 4
115 4
116 4
117 4
118 4
119 4
120 4
121 4
122 4
123 4
124 4
125 4
126 4
127 4
128 4
129 4
130 4
130 3
130 2
130 1
130 0
131 0
132 0
133 0
134 0
135 0
136 0
137 0
138 0
139 0
140 0
141 0
142 0
143 0
144 0
145 0
146 0
147 0
148 0
149 0
150 0
151 0
152 0
153 0
154 0
155 0
156 0
157 0
158 0
159 0
160 0
161 0
162 0
163 0
164 0
165 0
166 0
167 0
168 0
169 0
170 0
171 0
172 0
173 0
174 0
175 0
176 0
177 0
178 0
179 0
180 0
181 0
181 1
181 2
181 3
181 4
181 5
181 6
182 6
183 6
184 6
185 6
186 6
187 6
188 6
189 6
189 7
189 8
189 9
189 10
189 11
189 12
189 13
189 14
189 15
188 15
188 16
188 17
188 18
188 19
188 20
188 21
188 22
188 23
188 24
188 25
188 26
188 27
188 28
188 29
188 30
188 31
188 32
188 33
188 34
188 35
188 36
188 37
188 38
188 39
188 40
188 41
188 42
188 43
188 44
188 45
187 45
186 45
185 45
184 45
183 45
182 45
181 45
180 45
179 45
178 45
177 45
176 45
175 45
174 45
173 45
172 45
171 45
170 45
169 45
168 45
167 45
166 45
165 45
164 45
163 45
162 45
162 46
162 47
162 48
162 49
161 49
161 50
161 51
161 52
161 53
161 54
161 55
161 56
161 57
161 58
161 59
161 60
161 61
161 62
161 63
161 64
161 65
161 66
161 67
161 68
161 69
161 70
161 71
161 72
161 73
161 74
161 75
161 76
162 76
163 76
164 76
165 76
166 76
167 76
168 76
169 76
169 77
169 78
169 79
169 80
169 81
169 82
169 83
169 84
169 85
169 86
169 87
169 88
169 89
169 90
169 91
169 92
169 93
169 94
170 94
171 94
172 94
172 95
172 96
171 96
170 96
169 96
168 96
167 96
166 96
165 96
164 96
163 96
163 97
163 98
163 99
163 100
163 101
163 102
163 103
163 104
163 105
163 106
163 107
162 107
161 107
160 107
159 107
158 107
157 107
156 107
155 107
154 107
153 107
152 107
151 107
150 107
149 107
148 107
148 108
148 109
148 110
148 111
148 112
148 113
148 114
148 115
148 116
148 117
148 118
148 119
148 120
148 121
148 122
148 123
148 124
148 125
148 126
148 127
148 128
148 129
147 129
146 129
145 129
144 129
143 129
142 129
141 129
140 129
139 129
138 129
137 129
136 129
135 129
134 129
133 129
132 129
132 130
132 131
132 132
132 133
132 134
132 135
132 136
132 137
132 138
132 139
132 140
132 141
132 142
132 143
132 144
132 145
132 146
133 146
134 146
135 146
136 146
137 146
138 146
139 146
140 146
141 146
142 146
143 146
144 146
145 146
146 146
147 146
148 146
149 146
150 146
151 146
151 147
151 148
151 149
151 150
151 151
151 152
152 152
153 152
154 152
155 152
156 152
157 152
158 152
159 152
160 152
161 152
162 152
163 152
164 152
165 152
166 152
167 152
168 152
169 152
170 152
171 152
172 152
173 152
173 153
173 154
173 155
173 156
173 157
173 158
173 159
173 160
173 161
173 162
173 163
173 164
173 165
173 166
173 167
173 168
174 168
175 168
176 168
176 169
176 170
176 171
176 172
176 173
176 174
176 175
176 176
176 177
176 178
176 179
176 180
176 181
176 182
176 183
176 184
176 185
176 186
176 187
176 188
176 189
177 189
178 189
179 189
180 189
181 189
182 189
183 189
184 189
185 189
185 190
185 191
185 192
185 193
186 193
187 193
187 194
187 195
187 196
187 197
186 197
185 197
184 197
183 197
183 196
182 196
181 196
180 196
179 196
178 196
177 196
176 196
175 196
174 196
173 196
172 196
171 196
170 196
169 196
168 196
167 196
166 196
165 196
164 196
163 196
162 196
161 196
160 196
159 196
158 196
157 196
156 196
155 196
154 196
153 196
153 195
153 194
153 193
153 192
153 191
153 190
153 189
153 188
153 187
153 186
153 185
152 185
152 184
152 183
152 182
152 181
152 180
152 179
152 178
152 177
152 176
152 175
152 174
152 173
152 172
152 171
151 171
150 171
149 171
148 171
147 171
146 171
145 171
145 170
144 170
144 169
144 168
144 167
143 167
142 167
141 167
140 167
139 167
138 167
137 167
136 167
135 167
134 167
133 167
132 167
131 167
130 167
129 167
128 167
127 167
126 167
125 167
124 167
123 167
122 167
121 167
120 167
120 166
120 165
120 164
120 163
120 162
119 162
118 162
117 162
116 162
115 162
114 162
113 162
112 162
111 162
111 161
111 160
111 159
111 158
112 158
113 158
114 158
114 157
113 157
112 157
111 157
110 157
109 157
108 157
107 157
106 157
105 157
104 157
103 157
102 157
101 157
100 157
99 157
99 156
99 155
99 154
99 153
99 152
99 151
99 150
99 149
99 148
99 147
99 146
99 145
99 144
99 143
99 142
99 141
99 140
100 140
100 139
100 138
100 137
100 136
100 135
100 134
100 133
100 132
100 131
100 130
100 129
100 128
100 127
100 126
100 125
100 124
100 123
100 122
100 121
100 120
100 119
99 119
98 119
97 119
96 119
95 119
94 119
93 119
92 119
91 119
91 118
91 117
91 116
91 115
92 115
93 115
94 115
95 115
96 115
97 115
98 115
99 115
100 115
101 115
102 115
103 115
104 115
105 115
106 115
107 115
107 114
107 113
107 112
107 111
107 110
107 109
107 108
107 107
107 106
107 105
107 104
106 104
105 104
105 103
105 102
105 101
105 100
105 99
106 99
107 99
108 99
109 99
110 99
111 99
112 99
113 99
114 99
115 99
115 98
115 97
115 96
115 95
115 94
115 93
115 92
115 91
115 90
115 89
115 88
115 87
115 86
115 85
115 84
115 83
116 83
117 83
118 83
119 83
120 83
121 83
122 83
123 83
124 83
125 83
126 83
127 83
128 83
129 83
130 83
131 83
132 83
133 83
134 83
135 83
136 83
137 83
138 83
139 83
139 82
139 81
139 80
139 79
139 78
139 77
139 76
139 75
138 75
137 75
137 74
137 73
137 72
137 71
136 71
135 71
134 71
133 71
132 71
131 71
131 70
131 69
131 68
131 67
131 66
131 65
131 64
131 63
131 62
131 61
130 61
129 61
128 61
128 60
128 59
128 58
127 58
126 58
125 58
124 58
123 58
122 58
121 58
120 58
119 58
118 58
117 58
116 58
115 58
114 58
113 58
112 58
111 58
110 58
109 58
108 58
108 57
107 57
106 57
106 56
106 55
106 54
106 53
106 52
106 51
106 50
106 49
106 48
106 47
107 47
108 47
109 47
110 47
111 47
112 47
112 46
112 45
112 44
112 43
112 42
112 41
112 40
112 39
112 38
112 37
112 36
113 36
113 35
113 34
114 34
115 34
116 34
117 34
118 34
119 34
120 34
121 34
122 34
123 34
124 34
125 34
126 34
127 34
128 34
129 34
129 33
129 32
129 31
130 31
131 31
132 31
133 31
134 31
134 30
134 29
134 28
134 27
134 26
134 25
134 24
134 23
134 22
135 22
136 22
137 22
138 22
139 22
140 22
141 22
142 22
142 21
142 20
142 19
142 18
142 17
142 16
142 15
142 14
142 13
141 13
140 13
139 13
138 13
137 13
136 13
135 13
135 14
134 14
133 14
132 14
131 14
130 14
129 14
128 14
127 14
126 14
125 14
124 14
123 14
122 14
121 14
120 14
119 14
118 14
117 14
116 14
115 14
114 14
113 14
112 14
111 14
110 14
109 14
108 14
107 14
106 14
105 14
104 14
103 14
102 14
101 14
100 14
99 14
98 14
97 14
96 14
96 15
96 16
96 17
96 18
95 18
94 18
93 18
92 18
91 18
90 18
89 18
88 18
87 18
86 18
85 18
84 18
83 18
82 18
82 19
82 20
82 21
82 22
82 23
82 24
82 25
82 26
82 27
82 28
82 29
82 30
82 31
82 32
82 33
82 34
82 35
82 36
82 37
81 37
80 37
79 37
79 38
79 39
79 40
79 41
79 42
80 42
81 42
82 42
83 42
83 43
83 44
83 45
83 46
83 47
83 48
83 49
83 50
83 51
83 52
83 53
83 54
83 55
83 56
83 57
83 58
83 59
83 60
83 61
83 62
84 62
85 62
86 62
86 63
86 64
86 65
86 66
85 66
84 66
83 66
82 66
81 66
80 66
79 66
78 66
77 66
76 66
75 66
74 66
73 66
72 66
72 67
72 68
72 69
72 70
72 71
72 72
72 73
73 73
74 73
75 73
75 74
75 75
75 76
75 77
75 78
75 79
75 80
75 81
74 81
73 81
72 81
71 81
70 81
69 81
68 81
67 81
66 81
65 81
64 81
63 81
62 81
61 81
60 81
59 81
58 81
58 82
58 83
58 84
58 85
58 86
58 87
58 88
58 89
57 89
56 89
55 89
54 89
53 89
52 89
51 89
50 89
49 89
48 89
48 90
48 91
48 92
48 93
48 94
48 95
47 95
46 95
45 95
44 95
43 95
42 95
41 95
40 95
39 95
38 95
37 95
36 95
35 95
34 95
34 96
34 97
34 98
34 99
34 100
34 101
34 102
34 103
34 104
34 105
34 106
34 107
34 108
34 109
34 110
33 110
32 110
31 110
30 110
29 110
28 110
27 110
26 110
25 110
24 110
23 110
22 110
22 111
22 112
22 113
22 114
22 115
22 116
22 117
22 118
22 119
22 120
22 121
22 122
22 123
22 124
22 125
22 126
22 127
22 128
22 129
22 130
22 131
22 132
22 133
22 134
22 135
22 136
22 137
22 138
21 138
20 138
19 138
18 138
17 138
16 138
15 138
14 138
13 138
12 138
11 138
10 138
9 138
8 138
7 138
6 138
5 138
4 138
4 139
4 140
4 141
4 142
4 143
4 144
4 145
4 146
4 147
4 148
4 149
4 150
4 151
4 152
4 153
5 153
6 153
7 153
8 153
9 153
10 153
11 153
12 153
13 153
14 153
15 153
16 153
17 153
18 153
19 153
20 153
21 153
22 153
23 153
24 153
25 153
26 153
27 153
28 153
28 154
28 155
28 156
28 157
28 158
28 159
28 160
28 161
28 162
28 163
28 164
28 165
28 166
27 166
26 166
25 166
24 166
23 166
22 166
21 166
20 166
19 166
18 166
17 166
17 167
17 168
17 169
17 170
17 171
17 172
17 173
17 174
17 175
17 176
17 177
17 178
17 179
17 180
17 181
17 182
17 183
17 184
18 184
19 184
19 185
19 186
19 187
19 188
19 189
19 190
20 190
21 190
22 190
23 190
24 190
25 190
26 190
27 190
28 190
29 190
30 190
31 190
32 190
33 190
34 190
35 190
36 190
37 190
38 190
39 190
40 190
41 190
42 190
43 190
44 190
45 190
46 190
47 190
48 190
49 190
50 190
50 191
50 192
51 192
52 192
53 192
54 192
55 192
56 192
57 192
58 192
59 192
60 192
61 192
62 192
63 192
64 192
65 192
66 192
67 192
68 192
69 192
70 192
71 192
72 192
73 192
74 192
75 192
76 192
77 192
78 192
79 192
80 192
81 192
82 192
83 192
84 192
85 192
86 192
87 192
88 192
89 192
90 192
91 192
92 192
93 192
94 192
95 192
96 192
97 192
98 192
99 192
100 192
101 192
102 192
103 192
103 193
103 194
103 195
104 195
105 195
106 195
107 195
108 195
109 195
110 195
111 195
112 195
113 195
114 195
115 195
116 195
117 195
118 195
118 194
118 193
118 192
118 191
118 190
118 189
118 188
118 187
118 186
118 185
118 184
118 183
118 182
118 181
118 180
118 179
118 178
118 177
119 177
120 177
121 177
122 177
123 177
124 177
124 176
124 175
124 174
124 173
124 172
124 171
124 170
124 169
124 168
124 167
124 166
124 165
123 165
122 165
121 165
120 165
119 165
118 165
117 165
116 165
115 165
114 165
113 165
112 165
111 165
110 165
109 165
108 165
107 165
106 165
105 165
104 165
103 165
102 165
101 165
100 165
99 165
98 165
97 165
96 165
95 165
94 165
93 165
92 165
91 165
90 165
89 165
88 165
88 164
87 164
86 164
85 164
84 164
83 164
82 164
81 164
80 164
79 164
78 164
77 164
77 163
77 162
77 161
77 160
77 159
77 158
77 157
77 156
77 155
77 154
77 153
77 152
77 151
77 150
77 149
77 148
77 147
77 146
77 145
77 144
77 143
76 143
75 143
74 143
73 143
72 143
71 143
71 142
71 141
71 140
71 139
71 138
71 137
71 136
71 135
71 134
71 133
71 132
71 131
71 130
71 129
71 128
71 127
71 126
71 125
71 124
71 123
72 123
73 123
74 123
75 123
76 123
77 123
78 123
79 123
80 123
81 123
81 122
81 121
80 121
79 121
78 121
77 121
76 121
75 121
74 121
73 121
72 121
71 121
70 121
69 121
68 121
67 121
66 121
65 121
64 121
63 121
62 121
61 121
60 121
59 121
58 121
57 121
56 121
55 121
55 120
55 119
55 118
55 117
55 116
55 115
55 114
55 113
55 112
55 111
55 110
55 109
54 109
54 108
54 107
54 106
54 105
54 104
54 103
54 102
54 101
54 100
54 99
54 98
54 97
54 96
54 95
54 94
54 93
54 92
54 91
54 90
54 89
54 88
53 88
52 88
51 88
50 88
49 88
48 88
47 88
46 88
45 88
44 88
43 88
42 88
41 88
40 88
39 88
38 88
37 88
36 88
35 88
34 88
33 88
32 88
31 88
31 87
31 86
31 85
31 84
31 83
31 82
31 81
31 80
31 79
30 79
29 79
28 79
27 79
26 79
25 79
24 79
24 78
23 78
22 78
21 78
20 78
19 78
18 78
17 78
16 78
15 78
14 78
13 78
12 78
12 77
12 76
12 75
12 74
12 73
12 72
12 71
12 70
12 69
11 69
10 69
10 68
10 67
10 66
10 65
10 64
10 63
10 62
10 61
10 60
10 59
10 58
10 57
10 56
10 55
10 54
10 53
10 52
11 52
12 52
13 52
14 52
15 52
16 52
16 51
16 50
16 49
16 48
16 47
16 46
17 46
18 46
19 46
20 46
21 46
22 46
23 46
24 46
25 46
26 46
27 46
28 46
29 46
30 46
31 46
32 46
33 46
34 46
35 46
36 46
37 46
38 46
38 45
38 44
38 43
39 43
40 43
41 43
42 43
43 43
44 43
45 43
46 43
47 43
48 43
49 43
50 43
51 43
52 43
52 42
52 41
52 40
52 39
52 38
52 37
52 36
52 35
52 34
52 33
52 32
52 31
52 30
52 29
52 28
52 27
53 27
54 27
55 27
56 27
57 27
58 27
59 27
60 27
61 27
62 27
63 27
64 27
65 27
65 26
65 25
65 24
65 23
65 22
65 21
65 20
65 19
64 19
63 19
62 19
61 19
60 19
59 19
58 19
57 19
56 19
55 19
54 19
53 19
52 19
51 19
50 19
49 19
49 20
49 21
49 22
49 23
49 24
49 25
49 26
49 27
49 28
49 29
49 30
49 31
49 32
49 33
49 34
49 35
49 36
49 37
49 38
49 39
49 40
49 41
49 42
49 43
49 44
49 45
49 46
49 47
49 48
49 49
49 50
48 50
47 50
46 50
46 51
46 52
46 53
46 54
46 55
46 56
46 57
46 58
46 59
46 60
45 60
44 60
43 60
43 61
43 62
43 63
43 64
42 64
42 65
42 66
42 67
42 68
42 69
42 70
42 71
42 72
42 73
42 74
42 75
42 76
42 77
42 78
42 79
42 80
42 81
42 82
42 83
42 84
42 85
42 86
41 86
40 86
39 86
38 86
37 86
36 86
35 86
34 86
33 86
32 86
31 86
30 86
29 86
28 86
27 86
26 86
25 86
24 86
23 86
22 86
21 86
20 86
19 86
18 86
17 86
16 86
15 86
14 86
13 86
12 86
11 86
10 86
9 86
8 86
7 86
6 86
5 86
4 86
3 86
2 86
2 87
2 88
2 89
2 90
2 91
2 92
2 93
2 94
2 95
2 96
2 97
2 98
2 99
2 100
2 101
2 102
2 103
2 104
2 105
2 106
2 107
2 108
2 109
2 110
2 111
2 112
2 113
2 114
2 115
2 116
2 117
2 118
2 119
2 120
2 121
2 122
2 123
2 124
2 125
2 126
2 127
2 128
2 129
2 130
2 131
2 132
2 133
2 134
2 135
2 136
2 137
3 137
4 137
5 137
6 137
7 137
8 137
9 137
10 137
11 137
12 137
13 137
14 137
15 137
16 137
17 137
18 137
19 137
20 137
21 137
22 137
23 137
24 137
25 137
26 137
27 137
28 137
29 137
30 137
31 137
32 137
33 137
34 137
35 137
36 137
37 137
38 137
39 137
40 137
41 137
42 137
43 137
44 137
44 138
44 139
44 140
44 141
44 142
44 143
44 144
44 145
44 146
44 147
44 148
44 149
44 150
44 151
44 152
44 153
44 154
44 155
44 156
44 157
44 158
44 159
44 160
44 161
44 162
44 163
44 164
44 165
44 166
44 167
44 168
44 169
44 170
44 171
44 172
44 173
45 173
46 173
47 173
48 173
49 173
50 173
51 173
52 173
53 173
54 173
55 173
56 173
57 173
58 173
59 173
60 173
61 173
62 173
63 173
64 173
65 173
66 173
66 174
66 175
66 176
66 177
66 178
66 179
66 180
66 181
66 182
66 183
66 184
66 185
66 186
66 187
65 187
64 187
63 187
62 187
61 187
61 186
61 185
61 184
61 183
61 182
61 181
61 180
61 179
61 178
61 177
61 176
61 175
61 174
61 173
61 172
61 171
61 170
61 169
61 168
61 167
61 166
61 165
61 164
61 163
61 162
61 161
61 160
61 159
61 158
61 157
61 156
61 155
61 154
61 153
61 152
61 151
61 150
61 149
61 148
61 147
61 146
61 145
61 144
61 143
61 142
61 141
61 140
61 139
61 138
61 137
61 136
61 135
61 134
61 133
61 132
61 131
61 130
61 129
61 128
61 127
61 126
61 125
61 124
62 124
63 124
64 124
65 124
66 124
67 124
68 124
69 124
70 124
71 124
72 124
73 124
74 124
75 124
76 124
77 124
78 124
79 124
80 124
81 124
82 124
83 124
84 124
85 124
86 124
87 124
88 124
89 124
90 124
91 124
92 124
93 124
94 124
95 124
96 124
97 124
98 124
99 124
100 124
101 124
102 124
103 124
104 124
105 124
106 124
107 124
108 124
109 124
110 124
111 124
112 124
113 124
114 124
115 124
116 124
117 124
118 124
119 124
120 124
121 124
121 123
121 122
121 121
121 120
121 119
121 118
121 117
121 116
121 115
121 114
121 113
121 112
121 111
121 110
121 109
121 108
121 107
121 106
121 105
121 104
121 103
121 102
121 101
121 100
120 100
119 100
118 100
117 100
117 99
117 98
117 97
117 96
117 95
117 94
117 93
118 93
119 93
120 93
121 93
122 93
123 93
124 93
125 93
126 93
127 93
128 93
129 93
130 93
131 93
132 93
133 93
134 93
135 93
136 93
137 93
138 93
139 93
140 93
141 93
142 93
143 93
144 93
145 93
146 93
147 93
148 93
149 93
149 92
149 91
149 90
149 89
149 88
149 87
149 86
149 85
149 84
149 83
149 82
149 81
149 80
149 79
149 78
149 77
149 76
149 75
149 74
149 73
149 72
149 71
149 70
149 69
149 68
149 67
149 66
149 65
149 64
149 63
149 62
149 61
149 60
149 59
149 58
149 57
149 56
150 56
151 56
152 56
153 56
154 56
155 56
156 56
157 56
158 56
159 56
160 56
161 56
162 56
163 56
164 56
165 56
166 56
167 56
168 56
169 56
170 56
171 56
172 56
173 56
174 56
175 56
176 56
177 56
178 56
179 56
180 56
181 56
182 56
183 56
184 56
185 56
186 56
187 56
188 56
189 56
190 56
191 56
191 57
191 58
191 59
191 60
191 61
191 62
191 63
191 64
191 65
191 66
191 67
191 68
191 69
191 70
191 71
191 72
191 73
191 74
191 75
191 76
191 77
191 78
191 79
191 80
191 81
191 82
191 83
191 84
191 85
191 86
191 87
191 88
191 89
191 90
191 91
191 92
191 93
191 94
191 95
191 96
191 97
191 98
191 99
191 100
191 101
191 102
192 102
193 102
194 102
195 102
196 102
197 102
198 102
198 103
198 104
198 105
198 106
198 107
198 108
198 109
198 110
198 111
198 112
198 113
198 114
198 115
198 116
198 117
198 118
198 119
198 120
198 121
198 122
198 123
198 124
198 125
198 126
198 127
198 128
197 128
196 128
196 129
196 130
196 131
196 132
196 133
196 134
196 135
196 136
196 137
196 138
196 139
196 140
196 141
196 142
196 143
196 144
196 145
196 146
196 147
196 148
196 149
196 150
195 150
194 150
193 150
192 150
192 149
192 148
192 147
191 147
190 147
189 147
188 147
187 147
186 147
185 147
184 147
184 146
184 145
184 144
184 143
184 142
184 141
184 140
184 139
184 138
184 137
184 136
184 135
184 134
184 133
184 132
184 131
184 130
184 129
184 128
184 127
183 127
182 127
181 127
180 127
180 128
180 129
180 130
180 131
180 132
179 132
178 132
177 132
176 132
175 132
174 132
173 132
172 132
171 132
170 132
169 132
168 132
168 133
168 134
168 135
168 136
168 137
168 138
168 139
167 139
166 139
165 139
164 139
163 139
162 139
161 139
160 139
160 140
160 141
160 142
160 143
160 144
161 144
162 144
163 144
164 144
165 144
166 144
167 144
168 144
169 144
170 144
171 144
172 144
173 144
174 144
175 144
176 144
177 144
178 144
179 144
180 144
181 144
182 144
183 144
184 144
185 144
186 144
187 144
188 144
189 144
190 144
191 144
192 144
193 144
194 144
195 144
196 144
197 144
198 144
199 144