2082 283 749 771
4440 576 749 771
9303 874 749 771
5812 138 749 771
7794 774 749 771
1834 500 749 771
7052 360 749 771
1854 566 749 771
2932 346 749 771
5907 952 749 771
4960 11 749 771
9516 6 749 771
3595 790 749 771
6245 498 749 771
8694 717 749 771
3190 715 749 771
4930 264 749 771
6568 329 749 771
4663 791 749 771
3878 302 749 771
8444 439 749 771
1072 569 749 771
5009 214 749 771
7409 152 749 771
6014 448 749 771
635 588 749 771
1329 286 749 771
4460 12 749 771
1949 761 749 771
4025 613 749 771
9111 156 749 771
9131 45 749 771
960 577 749 771
4671 128 749 771
9379 430 749 771
7804 47 749 771
5556 166 749 771
3252 387 749 771
881 337 749 771
7200 169 749 771
7471 995 749 771
5837 888 749 771
5402 470 749 771
8426 182 749 771
2408 541 749 771
3310 388 749 771
2319 825 749 771
8990 686 749 771
8812 697 749 771
4855 461 749 771
3962 611 749 771
1326 36 749 771
7017 370 749 771
8699 333 749 771
3398 378 749 771
6860 878 749 771
9135 228 749 771
4149 653 749 771
5939 31 749 771
8762 109 749 771
8750 94 749 771
6057 651 749 771
3244 821 749 771
5852 877 749 771
7223 895 749 771
7377 459 749 771
4673 645 749 771
7623 36 1000 1000
5832 604 749 771
901 425 749 771
9265 188 749 771
3689 636 749 771
6275 285 749 771
2099 697 1000 1000
7249 154 749 771
5664 921 749 771
3126 851 749 771
3667 397 749 771
2905 490 749 771
5124 779 749 771
4321 459 1000 1000
7431 490 1000 1000
9254 940 749 771
4959 405 749 771
2575 563 749 771
994 959 749 771
5410 295 749 771
9116 725 749 771
5977 20 749 771
7738 418 749 771
3661 501 749 771
2025 448 1000 1000
7674 575 749 771
2324 723 749 771
8842 58 749 771
4881 94 1000 1000
4912 187 749 771
2485 17 749 771
5127 229 749 771
6638 309 749 771
3478 287 749 771
5429 199 749 771
6504 817 749 771
3327 915 749 771
2880 865 749 771
3004 395 749 771
8406 671 749 771
3809 0 749 771
2150 16 749 771
4236 307 749 771
1059 570 749 771
8737 719 749 771
5833 94 1000 1000
6717 650 749 771
7121 202 749 771
2926 186 749 771
4173 228 1000 1000
5008 334 749 771
4346 548 749 771
8340 744 749 771
5451 713 749 771
4524 306 749 771
7330 360 1000 1000
8509 870 749 771
354 421 749 771
6588 764 749 771
1050 407 749 771
1777 558 749 771
9392 148 749 771
4364 955 749 771
414 263 749 771
2636 903 749 771
3544 263 1000 1000
4966 788 749 771
856 572 749 771
8455 859 749 771
7291 861 749 771
2754 73 749 771
1142 354 749 771
3501 671 1000 1000
2154 680 749 771
7780 324 749 771
8522 976 749 771
1746 850 749 771
6813 715 1000 1000
1310 859 1000 1000
1603 711 749 771
7743 748 749 771
2765 7 749 771
4674 927 749 771
8742 457 749 771
4918 97 749 771
8377 309 1000 1000
7767 949 749 771
5825 139 749 771
6844 366 749 771
5451 820 749 771
3996 244 749 771
1875 271 749 771
8750 489 749 771
4221 867 749 771
1238 800 749 771
6575 914 749 771
8135 383 749 771
5119 478 749 771
2318 867 1000 1000
5282 703 749 771
8972 822 749 771
7260 159 749 771
1292 592 749 771
7519 91 749 771
4186 966 749 771
8755 826 749 771
4181 982 749 771
7880 24 749 771
3602 705 749 771
7719 117 749 771
3437 946 749 771
7398 787 749 771
3529 29 749 771
7728 503 749 771
1461 779 1000 1000
7029 22 749 771
6743 920 749 771
563 669 749 771
3195 586 749 771
1741 676 749 771
5068 884 749 771
3455 749 749 771
4644 36 1000 1000
6365 699 749 771
7370 381 749 771
6818 255 749 771
3011 370 1000 1000
9481 153 749 771
5416 517 749 771
6128 319 749 771
2202 69 749 771
6685 394 749 771
5454 897 749 771
4510 709 749 771
3612 325 749 771
8115 493 749 771
599 679 749 771
4945 339 749 771
6611 461 1000 1000
5192 668 749 771
4096 434 749 771
5812 589 749 771
8455 898 749 771
5817 371 749 771
2341 4 749 771
2050 314 749 771
9481 909 749 771
5770 907 749 771
3596 954 749 771
8580 575 1000 1000
5723 445 749 771
5171 933 749 771
3294 145 749 771
5446 470 1000 1000
3443 312 749 771
5115 858 749 771
5028 622 749 771
3018 41 749 771
9034 988 749 771
3313 201 749 771
1136 798 749 771
4637 354 1000 1000
5684 603 749 771
6304 265 749 771
3897 475 749 771
3520 596 749 771
8323 882 749 771
2779 307 1000 1000
3772 156 1000 1000
6486 923 749 771
3646 837 749 771
6174 890 749 771
1778 517 1000 1000
3073 649 749 771
6843 276 749 771
8483 624 749 771
3138 86 749 771
8691 373 749 771
3133 705 1000 1000
5223 98 749 771
235 969 336 608
4124 906 749 771
1111 837 1000 1000
1505 294 749 771
923 904 749 771
5496 284 749 771
3424 38 749 771
6594 657 749 771
4273 528 749 771
1515 403 749 771
9267 956 749 771
4627 437 749 771
435 663 749 771
8951 447 749 771
4766 98 1000 1000
4335 442 749 771
7721 746 749 771
4980 808 749 771
8379 429 749 771
6850 718 749 771
8908 906 1000 1000
5199 284 1000 1000
7997 889 749 771
6113 699 1000 1000
4361 7 1000 1000
8992 716 749 771
7702 817 1000 1000
1742 245 749 771
1559 934 749 771
1583 873 749 771
8658 345 749 771
4254 972 749 771
8579 989 749 771
9386 289 749 771
4391 679 1000 1000
1250 107 749 771
8743 467 749 771
4201 14 749 771
1690 192 749 771
8082 960 749 771
6143 938 749 771
1996 900 749 771
5939 551 749 771
4331 441 749 771
4266 583 749 771
6888 979 749 771
1885 196 749 771
1643 439 1000 1000
5956 917 749 771
9156 327 749 771
7664 240 749 771
2720 760 749 771
7022 622 1000 1000
2694 312 1000 1000
7686 857 749 771
6365 115 749 771
1379 432 749 771
7638 770 749 771
8166 8 749 771
7287 771 749 771
6651 916 749 771
1300 824 749 771
9267 835 749 771
1542 971 749 771
4630 772 749 771
2056 284 1000 1000
7795 784 749 771
1145 345 1000 1000
5143 677 749 771
985 812 749 771
7118 792 749 771
1983 389 749 771
7272 660 749 771
3423 331 749 771
4693 639 749 771
8475 43 749 771
4695 3 749 771
7709 128 1000 1000
4882 696 749 771
7937 667 749 771
5381 966 1000 1000
2214 92 749 771
4588 381 1000 1000
3541 819 749 771
7777 648 749 771
7272 128 1000 1000
3452 777 749 771
1260 468 749 771
8020 400 749 771
1794 592 1000 1000
5535 506 749 771
6496 456 749 771
1949 109 1000 1000
1187 726 749 771
6329 0 1000 1000
5705 130 749 771
7092 373 1000 1000
1358 146 749 771
4818 995 1000 1000
3916 938 1000 1000
2082 866 749 771
3044 0 1000 1000
6877 842 749 771
3141 484 749 771
7015 63 749 771
7564 862 749 771
5410 174 749 771
2976 465 749 771
9266 170 749 771
4693 157 749 771
6464 12 1000 1000
8610 994 749 771
7871 198 749 771
506 433 749 771
4352 25 749 771
6788 694 749 771
4544 379 749 771
883 414 749 771
662 154 1000 1000
5747 451 749 771
4633 918 749 771
8917 687 749 771
5426 950 749 771
4523 441 1000 1000
996 52 749 771
5238 452 749 771
1631 305 749 771
2045 822 1000 1000
2580 393 749 771
3059 101 749 771
2724 507 749 771
476 831 749 771
273 604 934 1000
671 77 749 771
7141 255 1000 1000
7749 772 1000 1000
9412 638 749 771
5777 503 1000 1000
3640 350 749 771
3349 352 749 771
2725 93 749 771
8366 812 1000 1000
3603 687 1000 1000
327 224 749 771
4850 317 749 771
8936 625 749 771
3729 110 749 771
3321 218 749 771
7285 923 1000 1000
8339 103 749 771
3680 646 749 771
9353 358 749 771
7949 617 749 771
2753 751 749 771
4125 582 749 771
8416 73 1000 1000
8922 93 1000 1000
2623 92 1000 1000
1965 128 1000 1000
7156 724 749 771
7535 369 749 771
2389 377 749 771
4352 999 749 771
936 707 749 771
9426 596 1000 1000
2080 837 1000 1000
5057 800 1000 1000
3589 285 1000 1000
7224 304 749 771
6853 544 749 771
4291 8 1000 1000
5044 939 749 771
8532 890 1000 1000
1542 873 1000 1000
8380 913 749 771
5381 295 1000 1000
1674 556 749 771
5508 941 749 771
5545 672 749 771
3362 905 749 771
8076 229 1000 1000
7573 481 749 771
453 401 749 771
777 390 749 771
8332 385 749 771
3707 56 749 771
9222 330 749 771
3040 848 749 771
6106 137 749 771
5816 70 749 771
7718 115 1000 1000
3966 218 1000 1000
1153 443 749 771
2344 437 1000 1000
4868 56 1000 1000
8989 537 749 771
1267 621 749 771
6200 18 749 771
5788 864 749 771
6877 224 1000 1000
7521 632 749 771
9266 62 749 771
6678 597 749 771
7625 611 1000 1000
7583 409 749 771
3442 114 749 771
4980 32 749 771
3250 529 749 771
8613 913 1000 1000
2969 731 749 771
9068 819 1000 1000
9366 492 749 771
698 570 1000 1000
1295 375 749 771
5008 534 749 771
5250 833 749 771
393 573 749 771
4701 62 1000 1000
847 188 1000 1000
4577 877 1000 1000
8250 238 749 771
6746 457 1000 1000
4273 916 1000 1000
4261 863 749 771
9330 702 749 771
3459 530 749 771
4187 521 749 771
3297 840 749 771
5505 227 749 771
1947 816 749 771
987 245 1000 1000
7828 261 749 771
4731 848 1000 1000
9195 903 1000 1000
414 25 1000 1000
8891 151 749 771
7596 853 749 771
6007 392 749 771
3070 329 1000 1000
2347 667 1000 1000
3495 956 1000 1000
3650 950 1000 1000
4743 597 1000 1000
6782 263 1000 1000
1517 767 749 771
750 538 749 771
6493 842 1000 1000
8484 288 749 771
2779 7 1000 1000
7528 957 749 771
3755 627 749 771
6546 975 749 771
9183 500 1000 1000
6934 50 749 771
7422 493 1000 1000
7750 349 749 771
4509 323 749 771
5578 671 1000 1000
3246 85 749 771
6241 762 749 771
4958 622 1000 1000
9119 53 749 771
3343 504 749 771
7846 244 1000 1000
6660 308 749 771
5216 667 1000 1000
5459 856 749 771
9042 20 1000 1000
5941 658 749 771
656 529 1000 1000
9266 146 1000 1000
5732 616 749 771
6877 353 749 771
8840 363 749 771
3116 856 1000 1000
462 892 749 771
7335 495 749 771
813 223 749 771
7639 503 1000 1000
2564 793 749 771
7250 862 1000 1000
4949 949 1000 1000
4279 370 1000 1000
2710 629 749 771
3414 821 1000 1000
8932 679 1000 1000
4028 899 749 771
5194 603 1000 1000
5588 414 1000 1000
565 28 749 771
3624 737 749 771
9122 233 749 771
1240 981 749 771
7067 351 749 771
903 790 1000 1000
4163 843 749 771
5374 191 749 771
4756 780 749 771
4299 720 749 771
5940 703 1000 1000
903 370 1000 1000
912 124 749 771
2715 570 1000 1000
7470 16 1000 1000
4059 411 749 771
668 389 1000 1000
2265 950 1000 1000
3901 692 749 771
8726 113 749 771
9359 498 1000 1000
615 108 749 771
992 872 749 771
6635 697 1000 1000
5952 553 749 771
2665 733 749 771
3460 427 749 771
6198 534 1000 1000
4888 746 1000 1000
8675 211 749 771
6211 980 749 771
2675 397 1000 1000
4608 413 749 771
7967 581 749 771
1105 586 1000 1000
8661 663 1000 1000
9169 767 1000 1000
5930 488 749 771
854 853 1000 1000
8387 885 749 771
3375 670 749 771
7061 971 1000 1000
4406 59 749 771
9372 779 1000 1000
4737 966 1000 1000
9233 809 749 771
9440 425 1000 1000
7881 123 749 771
7719 989 1000 1000
185 933 1000 1000
7094 208 749 771
3731 523 749 771
5057 45 1000 1000
6334 167 749 771
2227 844 749 771
4132 68 749 771
2813 895 1000 1000
4389 738 749 771
5640 569 1000 1000
4449 598 749 771
1462 810 749 771
3012 538 1000 1000
5433 805 749 771
770 391 749 771
6599 295 1000 1000
4269 24 1000 1000
1866 843 1000 1000
2616 166 1000 1000
6741 915 1000 1000
623 373 1000 1000
3596 474 749 771
7881 351 1000 1000
8733 749 1000 1000
5716 545 749 771
6267 495 1000 1000
615 675 749 771
2893 223 1000 1000
557 661 749 771
2631 277 749 771
2229 608 749 771
7708 632 1000 1000
436 158 749 771
937 481 1000 1000
1467 615 749 771
1559 755 749 771
1440 922 749 771
6591 952 1000 1000
8858 703 1000 1000
4005 863 1000 1000
5935 63 1000 1000
1174 742 749 771
5226 740 749 771
4211 228 1000 1000
4459 839 749 771
8481 273 749 771
1506 773 749 771
8183 941 1000 1000
5954 46 749 771
5129 435 749 771
3761 846 749 771
7209 681 749 771
7420 592 1000 1000
7060 506 1000 1000
8402 974 749 771
5945 881 749 771
592 239 749 771
6832 791 1000 1000
4953 418 1000 1000
7718 128 1000 1000
2045 466 749 771
5174 513 749 771
2790 165 749 771
2583 841 749 771
5899 255 1000 1000
3661 105 749 771
3373 77 1000 1000
2401 78 749 771
531 485 749 771
7241 824 1000 1000
6068 747 749 771
735 217 749 771
8988 638 1000 1000
6015 559 749 771
4196 237 749 771
5553 871 749 771
8070 595 749 771
7335 753 749 771
4293 223 1000 1000
5280 166 1000 1000
683 671 1000 1000
9523 616 1000 1000
7267 939 1000 1000
4727 119 749 771
1728 678 749 771
9055 976 1000 1000
6625 6 1000 1000
9359 620 749 771
4943 915 1000 1000
2307 658 1000 1000
7163 680 1000 1000
6250 681 1000 1000
4207 682 749 771
5487 615 1000 1000
4326 819 1000 1000
5836 848 1000 1000
3048 327 1000 1000
6466 359 749 771
8291 758 749 771
4634 451 1000 1000
1049 628 749 771
3395 423 749 771
3005 707 1000 1000
1993 48 749 771
8614 385 1000 1000
7736 254 749 771
3898 667 1000 1000
6660 851 1000 1000
6904 920 1000 1000
1462 822 1000 1000
9434 707 1000 1000
6073 195 749 771
2482 696 1000 1000
5322 126 749 771
3387 564 749 771
6090 416 749 771
8001 96 749 771
5988 758 1000 1000
8282 177 749 771
6909 54 749 771
8271 804 749 771
748 563 1000 1000
1366 723 1000 1000
6096 121 749 771
3732 945 749 771
4441 714 749 771
6152 355 749 771
2767 518 749 771
9042 486 749 771
561 571 749 771
9361 524 749 771
3559 954 1000 1000
9169 813 749 771
7516 529 1000 1000
1029 322 749 771
783 605 749 771
1577 211 1000 1000
4890 263 1000 1000
805 754 749 771
4929 661 1000 1000
5096 436 749 771
5298 953 749 771
2051 246 749 771
1665 732 749 771
7685 206 749 771
3573 684 749 771
5241 357 749 771
5421 243 749 771
7612 237 1000 1000
3816 990 749 771
2853 453 749 771
4409 249 749 771
7073 970 749 771
554 99 749 771
2579 302 1000 1000
3818 698 749 771
6229 574 749 771
5478 31 1000 1000
1753 50 1000 1000
306 820 1000 1000
9008 699 1000 1000
9234 298 749 771
4551 526 749 771
5229 428 749 771
7921 317 1000 1000
6910 664 749 771
6215 746 1000 1000
1088 475 1000 1000
1579 692 1000 1000
4156 924 749 771
3646 580 749 771
7057 892 1000 1000
8246 842 1000 1000
5998 738 1000 1000
4717 947 749 771
4319 5 749 771
6135 412 749 771
1662 111 749 771
5548 187 1000 1000
5855 458 749 771
2199 0 1000 1000
9471 400 1000 1000
2484 508 749 771
1858 42 749 771
4923 833 1000 1000
4406 593 749 771
6549 116 749 771
6916 732 1000 1000
4394 47 1000 1000
5319 465 1000 1000
9333 456 1000 1000
699 793 1000 1000
4224 706 749 771
2217 36 1000 1000
1278 252 749 771
8615 427 1000 1000
5727 580 1000 1000
2995 818 749 771
5799 644 749 771
3894 471 749 771
2517 903 1000 1000
4821 612 749 771
875 912 749 771
3253 960 1000 1000
7991 570 1000 1000
991 669 1000 1000
6623 293 749 771
3592 509 749 771
3129 150 749 771
7253 425 1000 1000
6916 978 749 771
9156 911 749 771
4498 145 1000 1000
3039 890 1000 1000
1627 446 749 771
9148 203 749 771
1266 660 1000 1000
3812 924 1000 1000
6387 910 749 771
1511 406 749 771
8279 510 749 771
4401 917 1000 1000
8301 955 1000 1000
3742 574 1000 1000
4839 626 749 771
4441 384 749 771
7700 324 1000 1000
8484 189 749 771
3922 852 749 771
4411 235 749 771
5128 962 749 771
2661 104 749 771
1512 8 1000 1000
1444 424 749 771
5080 502 749 771
8950 792 1000 1000
6822 842 1000 1000
8329 909 1000 1000
9000 385 1000 1000
335 587 749 771
8191 438 749 771
8764 211 1000 1000
9053 781 749 771
2693 583 1000 1000
8297 643 749 771
284 822 1000 1000
3771 897 1000 1000
9498 316 749 771
6509 516 749 771
876 227 1000 1000
1589 920 1000 1000
4612 190 749 771
3860 847 749 771
2180 349 1000 1000
243 831 1000 1000
9203 570 1000 1000
3703 849 749 771
5914 239 1000 1000
8854 520 749 771
1811 478 1000 1000
3202 668 1000 1000
2132 280 749 771
6837 917 1000 1000
7060 241 749 771
8590 256 749 771
7105 658 1000 1000
314 223 1000 1000
1818 412 1000 1000
3776 493 1000 1000
1158 439 1000 1000
9200 553 1000 1000
738 938 1000 1000
816 28 1000 1000
4682 891 749 771
6945 432 1000 1000
2956 288 1000 1000
928 33 749 771
4590 845 749 771
8414 885 1000 1000
677 154 1000 1000
4401 905 1000 1000
8826 831 1000 1000
9176 462 749 771
5930 612 1000 1000
5602 749 1000 1000
1068 291 749 771
6515 180 749 771
6382 334 1000 1000
6272 505 749 771
5377 921 1000 1000
5329 131 749 771
6958 704 749 771
5814 657 1000 1000
5236 259 749 771
7580 509 1000 1000
4919 474 1000 1000
6979 132 749 771
8733 381 1000 1000
9177 674 749 771
6465 634 749 771
6750 302 1000 1000
7415 975 1000 1000
1883 198 1000 1000
5848 638 1000 1000
6073 543 749 771
4426 417 749 771
3958 959 1000 1000
4185 730 749 771
1807 811 749 771
6894 377 1000 1000
2939 26 749 771
6178 637 749 771
5161 92 1000 1000
4399 896 749 771
6981 608 1000 1000
7796 967 749 771
3694 246 1000 1000
749 189 1000 1000
1132 358 1000 1000
2112 806 749 771
1315 813 1000 1000
5268 799 749 771
6927 576 1000 1000
8236 903 1000 1000
4142 298 1000 1000
2196 200 749 771
4607 45 1000 1000
4020 83 749 771
9520 133 749 771
4301 734 749 771
6047 649 1000 1000
2099 384 1000 1000
6842 701 749 771
779 697 1000 1000
1350 476 749 771
9015 887 749 771
5662 640 749 771
7447 432 1000 1000
4381 493 1000 1000
2399 351 1000 1000
8163 876 749 771
3482 847 1000 1000
2985 176 749 771
6641 684 1000 1000
2705 639 1000 1000
1539 546 749 771
5302 606 749 771
3173 893 749 771
4753 441 1000 1000
5297 605 1000 1000
3127 344 749 771
1408 279 749 771
5386 503 1000 1000
4789 691 749 771
5115 950 1000 1000
3675 445 1000 1000
7719 386 749 771
367 889 1000 1000
1342 78 1000 1000
7035 491 749 771
8730 386 1000 1000
9323 615 1000 1000
7621 837 1000 1000
6728 981 1000 1000
6725 969 913 0
3257 581 1000 1000
9512 876 1000 1000
1463 763 749 771
1552 504 1000 1000
5318 580 1000 1000
1250 632 1000 1000
3967 69 1000 1000
5228 405 1000 1000
4218 876 1000 1000
7678 835 1000 1000
5635 473 749 771
6295 844 1000 1000
384 891 1000 1000
5469 447 1000 1000
2823 528 1000 1000
8790 515 749 771
9359 395 1000 1000
1172 794 749 771
1905 533 749 771
2501 650 1000 1000
6688 862 1000 1000
3771 127 749 771
3657 50 1000 1000
3527 836 749 771
6949 879 749 771
5659 297 749 771
3838 276 1000 1000
5266 842 1000 1000
3197 863 1000 1000
5361 647 749 771
9155 58 1000 1000
3828 998 749 771
7517 611 1000 1000
616 998 1000 1000
3201 62 1000 1000
9131 905 1000 1000
2290 790 1000 1000
1130 351 1000 1000
8504 702 1000 1000
7769 572 1000 1000
2048 724 1000 1000
5206 168 749 771
9264 465 1000 1000
1621 473 1000 1000
869 479 749 771
1250 571 1000 1000
5742 154 1000 1000
8558 548 1000 1000
5662 580 1000 1000
9286 331 1000 1000
7822 76 749 771
2939 628 1000 1000
1029 354 1000 1000
8469 842 1000 1000
8584 190 1000 1000
5162 957 1000 1000
4136 113 1000 1000
4321 637 1000 1000
4186 211 1000 1000
6328 762 1000 1000
8007 472 749 771
1653 751 1000 1000
329 40 749 771
5753 26 1000 1000
6292 881 1000 1000
6624 117 1000 1000
1546 258 749 771
1279 936 749 771
440 935 749 771
3451 82 749 771
9397 927 1000 1000
1197 541 1000 1000
3048 536 749 771
4882 885 1000 1000
3478 308 1000 1000
9149 967 1000 1000
3264 330 1000 1000
8719 108 1000 1000
2376 339 1000 1000
8765 695 749 771
1857 48 1000 1000
3083 619 749 771
9344 925 749 771
2008 536 1000 1000
4788 22 1000 1000
982 587 1000 1000
8732 435 1000 1000
3064 873 1000 1000
1269 536 1000 1000
2440 472 1000 1000
4701 458 1000 1000
9177 33 1000 1000
3576 455 749 771
3057 766 749 771
7888 171 749 771
4267 764 1000 1000
5129 852 1000 1000
3207 851 1000 1000
4424 822 1000 1000
2612 38 1000 1000
4900 785 749 771
7037 507 1000 1000
1153 10 749 771
9049 588 1000 1000
5339 975 1000 1000
5588 801 749 771
9060 957 1000 1000
4172 127 1000 1000
5842 61 749 771
7817 76 1000 1000
8369 120 749 771
1494 791 1000 1000
3117 402 749 771
525 955 1000 1000
5487 861 1000 1000
2106 858 1000 1000
9036 556 1000 1000
2732 323 1000 1000
5937 508 1000 1000
8734 335 749 771
1184 850 1000 1000
8453 48 1000 1000
4059 927 1000 1000
3598 762 1000 1000
5020 41 1000 1000
7326 140 749 771
1511 178 749 771
2861 77 1000 1000
7509 798 1000 1000
4020 573 1000 1000
9101 674 1000 1000
2711 218 1000 1000
7094 332 749 771
4386 168 1000 1000
7047 88 749 771
4960 242 749 771
6061 403 1000 1000
2830 182 1000 1000
1466 365 749 771
2980 25 1000 1000
7389 41 1000 1000
355 774 1000 1000
5961 292 749 771
2141 634 1000 1000
4520 739 749 771
2051 464 749 771
1586 715 1000 1000
4607 388 1000 1000
2852 633 749 771
8958 232 749 771
2148 238 1000 1000
5805 96 1000 1000
2682 655 749 771
8656 638 1000 1000
504 830 749 771
972 613 1000 1000
2147 539 749 771
4553 195 1000 1000
404 987 749 771
8191 678 1000 1000
8758 470 1000 1000
6359 785 1000 1000
6720 759 749 771
4726 12 1000 1000
7345 942 749 771
8454 645 1000 1000
3225 891 1000 1000
1509 646 1000 1000
3534 663 1000 1000
1288 162 749 771
4620 929 749 771
2984 638 1000 1000
3437 314 1000 1000
5180 181 749 771
2253 547 749 771
1740 661 1000 1000
8442 529 1000 1000
2753 657 1000 1000
8754 689 749 771
9362 503 1000 1000
5460 229 1000 1000
8478 203 1000 1000
2005 741 749 771
1938 202 1000 1000
7315 745 749 771
4178 195 1000 1000
4567 36 1000 1000
2730 382 749 771
7019 756 749 771
9426 79 749 771
9293 965 749 771
1196 690 749 771
7436 784 1000 1000
375 242 1000 1000
7219 528 1000 1000
2838 511 749 771
3677 642 749 771
1524 972 1000 1000
3224 632 1000 1000
8364 488 1000 1000
710 971 1000 1000
5693 228 1000 1000
4167 408 749 771
4230 509 1000 1000
6866 390 1000 1000
2664 711 1000 1000
631 364 749 771
1564 865 1000 1000
6241 971 1000 1000
7911 473 1000 1000
5561 211 1000 1000
4688 792 1000 1000
2797 434 1000 1000
5203 993 749 771
8342 696 1000 1000
5498 985 749 771
2568 685 749 771
3355 483 749 771
8525 427 1000 1000
810 646 1000 1000
6680 444 749 771
6558 89 749 771
8086 53 1000 1000
1211 24 1000 1000
7964 456 1000 1000
490 715 1000 1000
5470 44 749 771
2918 657 1000 1000
951 191 1000 1000
3095 769 749 771
6001 614 749 771
3417 556 1000 1000
3491 205 749 771
9132 991 749 771
2782 766 1000 1000
8230 572 1000 1000
6353 2 749 771
4029 841 1000 1000
3338 204 749 771
8873 379 1000 1000
5305 356 749 771
6111 74 749 771
2213 47 1000 1000
3885 12 1000 1000
8961 518 1000 1000
9273 294 1000 1000
7557 699 1000 1000
5944 600 749 771
3644 938 1000 1000
3706 992 749 771
2515 657 1000 1000
8216 368 749 771
6255 662 749 771
8471 366 1000 1000
764 121 1000 1000
1125 650 1000 1000
2724 976 1000 1000
5130 93 1000 1000
8159 807 749 771
1808 321 749 771
3773 595 1000 1000
7269 612 1000 1000
7434 950 1000 1000
5854 494 749 771
5067 617 1000 1000
383 35 749 771
2428 870 1000 1000
4951 50 1000 1000
6669 204 1000 1000
7792 274 749 771
7810 947 1000 1000
7361 477 749 771
1604 861 1000 1000
1447 157 1000 1000
3903 934 1000 1000
9500 709 1000 1000
1189 779 1000 1000
5215 723 1000 1000
1673 650 1000 1000
5270 875 749 771
5572 302 1000 1000
8603 785 1000 1000
1323 728 749 771
2732 230 749 771
3704 77 1000 1000
4328 432 1000 1000
1545 582 1000 1000
768 548 1000 1000
1427 387 1000 1000
4098 474 1000 1000
7930 579 749 771
3898 630 749 771
8392 75 749 771
352 582 1000 1000
1826 926 749 771
3989 942 1000 1000
3520 729 749 771
3887 48 1000 1000
4276 456 1000 1000
6856 388 1000 1000
4508 340 749 771
6844 579 1000 1000
3602 172 749 771
490 494 1000 1000
9344 501 1000 1000
8650 727 749 771
9477 856 1000 1000
2452 638 1000 1000
9022 482 749 771
8101 979 1000 1000
5063 331 1000 1000
5921 989 1000 1000
5036 996 749 771
3067 414 1000 1000
5159 283 1000 1000
6879 95 749 771
7722 784 1000 1000
1972 249 1000 1000
2940 697 1000 1000
4445 728 1000 1000
8627 114 1000 1000
4558 957 1000 1000
2014 42 1000 1000
8364 745 1000 1000
3195 978 1000 1000
4634 126 1000 1000
3998 830 1000 1000
7059 62 1000 1000
7147 795 749 771
5711 380 749 771
5093 106 749 771
1651 697 1000 1000
1371 336 749 771
3362 300 749 771
4847 694 1000 1000
3373 790 1000 1000
6434 461 1000 1000
7575 259 1000 1000
5555 827 749 771
7482 394 1000 1000
6032 820 1000 1000
6221 335 1000 1000
3300 202 1000 1000
8424 381 1000 1000
4760 967 1000 1000
4136 671 1000 1000
488 841 1000 1000
8859 162 1000 1000
2152 496 749 771
6675 673 749 771
1385 869 749 771
367 442 1000 1000
514 441 1000 1000
1843 764 1000 1000
7784 250 749 771
197 447 1000 1000
5214 204 1000 1000
8205 869 1000 1000
1571 781 1000 1000
4589 856 1000 1000
9090 983 749 771
8767 512 749 771
5026 677 1000 1000
3246 129 749 771
5200 486 1000 1000
1101 263 1000 1000
7548 372 749 771
8298 228 1000 1000
5198 687 1000 1000
4917 982 1000 1000
6565 716 1000 1000
7575 870 1000 1000
4779 790 1000 1000
1782 652 749 771
3959 444 1000 1000
2850 462 1000 1000
6568 27 749 771
2325 393 1000 1000
8801 621 1000 1000
3324 659 749 771
884 597 1000 1000
660 576 1000 1000
2283 521 1000 1000
6090 178 1000 1000
1409 384 1000 1000
3595 915 1000 1000
7141 764 1000 1000
2524 681 1000 1000
3103 542 749 771
4562 446 1000 1000
1850 785 1000 1000
1071 639 1000 1000
4382 509 1000 1000
4268 550 749 771
5806 121 1000 1000
4951 899 1000 1000
2335 584 749 771
5472 50 1000 1000
2230 101 1000 1000
3362 999 1000 1000
2631 747 1000 1000
6668 785 1000 1000
3486 910 1000 1000
9425 738 1000 1000
7150 583 1000 1000
6557 323 1000 1000
5184 761 1000 1000
6360 608 1000 1000
1930 719 1000 1000
628 834 749 771
3420 673 1000 1000
1612 509 1000 1000
2830 249 1000 1000
3686 548 1000 1000
1100 357 1000 1000
1461 666 749 771
8287 875 1000 1000
1320 429 1000 1000
3974 769 1000 1000
3154 482 1000 1000
7862 343 749 771
9431 610 749 771
1171 29 1000 1000
7049 528 1000 1000
5722 458 1000 1000
2564 804 1000 1000
3725 295 1000 1000
6101 513 1000 1000
6001 265 1000 1000
2577 511 1000 1000
4879 621 1000 1000
4395 438 1000 1000
3709 256 1000 1000
5727 484 1000 1000
8797 272 749 771
7128 394 1000 1000
8509 877 1000 1000
6249 725 1000 1000
6302 730 1000 1000
7573 619 1000 1000
1559 5 1000 1000
3491 595 1000 1000
9030 40 1000 1000
5623 420 749 771
711 32 1000 1000
895 709 1000 1000
8115 913 1000 1000
5340 590 749 771
8514 128 1000 1000
2546 320 749 771
5637 819 1000 1000
6828 932 749 771
6091 195 1000 1000
3320 162 1000 1000
3163 122 749 771
4741 406 1000 1000
8421 294 1000 1000
9398 760 1000 1000
2954 176 1000 1000
8537 451 1000 1000
5666 638 1000 1000
7181 510 1000 1000
6103 129 1000 1000
5801 91 1000 1000
6941 443 1000 1000
4240 110 1000 1000
2133 58 1000 1000
4067 13 749 771
4729 550 1000 1000
9159 347 749 771
2708 520 1000 1000
2442 407 1000 1000
8273 681 1000 1000
123 433 990 925
4196 368 1000 1000
2586 367 749 771
8512 293 1000 1000
6252 498 1000 1000
8724 400 1000 1000
696 2 1000 1000
8068 650 1000 1000
1646 622 1000 1000
3598 483 1000 1000
8538 848 1000 1000
3732 25 1000 1000
5835 678 1000 1000
6629 257 749 771
8537 974 1000 1000
2364 140 1000 1000
833 572 1000 1000
706 352 1000 1000
8020 232 1000 1000
867 732 1000 1000
8009 572 1000 1000
5340 202 1000 1000
7847 86 1000 1000
6810 181 1000 1000
1884 188 1000 1000
2770 837 1000 1000
4157 493 1000 1000
3521 540 749 771
8668 46 1000 1000
6326 641 749 771
8347 470 1000 1000
4631 148 1000 1000
6567 168 1000 1000
579 717 1000 1000
6083 83 1000 1000
4226 102 749 771
6725 795 1000 1000
1226 507 1000 1000
8910 162 1000 1000
9472 854 749 771
4176 874 1000 1000
9055 750 749 771
4227 524 1000 1000
2251 327 1000 1000
5295 174 1000 1000
2278 231 749 771
1813 409 1000 1000
5165 911 1000 1000
6436 449 749 771
3107 144 749 771
765 768 749 771
1265 970 1000 1000
8898 439 1000 1000
8911 450 749 771
7814 113 1000 1000
7865 469 749 771
3600 637 1000 1000
6552 319 1000 1000
4513 450 1000 1000
9083 291 1000 1000
8581 732 1000 1000
9440 706 1000 1000
5031 282 749 771
2625 230 1000 1000
962 758 1000 1000
7975 759 1000 1000
4092 817 1000 1000
7626 754 1000 1000
919 356 1000 1000
8263 225 749 771
3589 118 749 771
5308 876 1000 1000
4920 389 1000 1000
7019 794 1000 1000
7747 103 1000 1000
401 109 1000 1000
4137 603 1000 1000
5594 939 1000 1000
4419 327 1000 1000
354 604 1000 1000
8259 690 1000 1000
3450 261 1000 1000
2323 209 749 771
1043 229 1000 1000
1326 329 1000 1000
1051 296 749 771
4550 831 1000 1000
9152 277 1000 1000
4675 480 749 771
3719 864 1000 1000
6470 603 1000 1000
6861 845 1000 1000
859 881 1000 1000
2275 803 749 771
9488 382 1000 1000
735 328 749 771
8909 823 749 771
2325 172 1000 1000
8423 637 1000 1000
9426 105 1000 1000
3999 993 1000 1000
7035 529 1000 1000
1942 96 1000 1000
3352 369 1000 1000
5385 570 1000 1000
4932 544 1000 1000
7622 334 1000 1000
3803 644 1000 1000
1560 501 1000 1000
1595 565 749 771
3350 427 1000 1000
1138 231 1000 1000
9328 265 1000 1000
2487 621 1000 1000
211 110 1000 1000
6928 822 1000 1000
799 982 1000 1000
424 590 1000 1000
4915 2 1000 1000
4937 470 1000 1000
5782 875 1000 1000
5789 749 1000 1000
1021 874 1000 1000
6812 741 1000 1000
3526 475 1000 1000
5415 29 1000 1000
585 527 749 771
3600 848 1000 1000
7726 674 1000 1000
3668 156 1000 1000
7357 600 1000 1000
1714 327 1000 1000
7041 178 1000 1000
5889 257 1000 1000
5440 279 1000 1000
2439 985 1000 1000
6475 119 1000 1000
1782 951 749 771
1815 261 1000 1000
4037 220 749 771
3117 263 1000 1000
7959 361 749 771
8671 557 749 771
1878 352 1000 1000
4103 584 1000 1000
7112 74 1000 1000
3850 15 749 771
1940 251 749 771
3954 812 1000 1000
5720 711 1000 1000
761 668 1000 1000
8873 394 1000 1000
1123 989 1000 1000
269 977 749 771
516 555 749 771
1965 730 1000 1000
2020 41 1000 1000
9020 343 1000 1000
4564 309 1000 1000
6264 404 749 771
764 221 749 771
2002 812 1000 1000
4179 408 1000 1000
1853 993 1000 1000
4396 189 1000 1000
2740 458 1000 1000
7647 182 1000 1000
4249 474 1000 1000
2052 335 1000 1000
1244 881 1000 1000
8442 524 1000 1000
6537 377 1000 1000
6987 46 1000 1000
8762 513 1000 1000
9439 633 1000 1000
1968 513 1000 1000
5386 348 749 771
6573 527 1000 1000
4789 438 1000 1000
6228 220 1000 1000
3077 730 1000 1000
5938 540 1000 1000
8599 690 1000 1000
500 468 1000 1000
8104 798 1000 1000
7378 292 1000 1000
6094 256 1000 1000
3603 818 1000 1000
4243 58 1000 1000
4454 811 1000 1000
782 516 1000 1000
3210 917 1000 1000
967 338 749 771
3100 691 1000 1000
9324 178 1000 1000
1614 853 1000 1000
3756 185 749 771
5879 729 1000 1000
8719 547 1000 1000
7339 269 749 771
7166 997 749 771
6862 568 749 771
790 800 1000 1000
4932 351 1000 1000
7650 588 1000 1000
9219 628 1000 1000
5704 460 749 771
718 237 1000 1000
7432 807 1000 1000
2124 879 1000 1000
3633 491 1000 1000
5716 970 1000 1000
3204 809 1000 1000
2859 229 1000 1000
2979 707 1000 1000
2816 718 1000 1000
3786 826 1000 1000
2100 274 1000 1000
3590 422 749 771
4477 268 749 771
5793 274 1000 1000
4211 852 1000 1000
5089 134 749 771
653 857 1000 1000
7522 957 1000 1000
4858 963 749 771
7068 459 1000 1000
3321 773 1000 1000
2126 510 1000 1000
7537 44 1000 1000
2379 939 1000 1000
2727 538 1000 1000
9056 166 1000 1000
3526 528 1000 1000
1519 783 749 771
4807 31 1000 1000
7918 521 1000 1000
6242 520 1000 1000
253 698 1000 745
6601 498 1000 1000
3086 289 1000 1000
1233 248 749 771
8839 718 1000 1000
1758 584 1000 1000
4748 591 749 771
2841 369 1000 1000
370 582 1000 1000
6720 67 749 771
505 8 1000 1000
1523 80 749 771
2117 633 1000 1000
2981 454 749 771
2936 145 1000 1000
4882 132 1000 1000
2841 280 1000 1000
1109 420 1000 1000
7653 446 1000 1000
1696 819 1000 1000
1838 289 1000 1000
7272 648 1000 1000
3249 679 1000 1000
780 550 1000 1000
2073 619 1000 1000
3409 493 1000 1000
5012 12 1000 1000
3792 356 1000 1000
6383 597 1000 1000
3752 673 1000 1000
4591 52 1000 1000
4093 995 1000 1000
2718 264 1000 1000
1137 445 1000 1000
457 461 1000 1000
3240 930 749 771
9004 600 1000 1000
4768 382 1000 1000
1959 922 1000 1000
2421 641 1000 1000
3602 667 1000 1000
8880 434 1000 1000
2252 469 1000 1000
8742 566 1000 1000
2535 871 1000 1000
7923 335 1000 1000
8905 501 1000 1000
8956 917 1000 1000
3193 845 1000 1000
4442 629 1000 1000
1398 562 749 771
5099 223 1000 1000
2518 819 1000 1000
8357 447 1000 1000
4317 847 1000 1000
7917 261 1000 1000
1673 29 1000 1000
5594 723 1000 1000
6145 171 1000 1000
7537 786 749 771
2370 219 749 771
6682 612 1000 1000
4011 339 1000 1000
4657 857 1000 1000
8745 554 749 771
3060 564 1000 1000
7321 69 1000 1000
4293 690 1000 1000
4861 828 749 771
7456 256 1000 1000
2051 678 1000 1000
7468 732 1000 1000
6743 306 1000 1000
4984 527 1000 1000
5208 417 1000 1000
6180 602 749 771
6968 425 1000 1000
7213 645 1000 1000
5850 10 1000 1000
1505 563 1000 1000
4973 124 1000 1000
2162 631 749 771
1153 9 749 771
5615 789 749 771
2222 766 1000 1000
8160 166 1000 1000
680 123 1000 1000
1280 143 749 771
4048 769 1000 1000
3605 423 1000 1000
8328 340 1000 1000
5766 483 1000 1000
608 299 749 771
4510 562 1000 1000
5003 137 1000 1000
7264 69 1000 1000
5312 510 1000 1000
7943 315 749 771
4750 57 749 771
7124 510 1000 1000
557 405 1000 1000
452 709 1000 1000
7216 857 1000 1000
5226 603 1000 1000
3628 528 1000 1000
1117 244 1000 1000
249 35 1000 745
836 697 1000 1000
6347 117 1000 1000
4513 280 1000 1000
2485 266 749 771
4730 314 1000 1000
7553 961 749 771
4209 118 1000 1000
4706 787 1000 1000
5737 611 1000 1000
2261 609 749 771
5058 759 1000 1000
7995 703 1000 1000
3503 199 1000 1000
8955 639 1000 1000
9462 110 1000 1000
3762 54 1000 1000
1385 431 749 771
5020 326 749 771
8927 914 1000 1000
2367 488 1000 1000
3414 791 1000 1000
6384 524 1000 1000
6317 470 1000 1000
2646 811 1000 1000
5009 355 1000 1000
8822 852 1000 1000
3550 9 1000 1000
9407 745 1000 1000
5552 218 1000 1000
7894 763 1000 1000
6296 936 1000 1000
2470 302 1000 1000
5425 120 1000 1000
8581 284 1000 1000
2686 722 749 771
385 319 1000 1000
1924 836 1000 1000
6716 928 749 771
7363 672 1000 1000
5812 369 1000 1000
7518 878 1000 1000
7441 501 1000 1000
7948 807 1000 1000
9468 61 1000 1000
7879 709 1000 1000
3215 192 1000 1000
6793 101 1000 1000
299 921 1000 1000
7152 26 1000 1000
8300 437 1000 1000
6821 604 1000 1000
5971 174 1000 1000
803 405 1000 1000
3456 899 1000 1000
7413 113 1000 1000
7615 114 1000 1000
3837 539 1000 1000
6514 264 1000 1000
8364 332 1000 1000
8086 593 1000 1000
200 701 1000 1000
7011 928 1000 1000
5710 824 1000 1000
3444 156 1000 1000
8035 413 1000 1000
3340 539 1000 1000
2560 448 1000 1000
2269 912 1000 1000
4386 187 1000 1000
6752 103 1000 1000
8607 775 749 771
3673 749 1000 1000
6577 750 1000 1000
4759 435 1000 1000
1777 169 1000 1000
8517 957 1000 1000
7593 13 1000 1000
7528 836 1000 1000
7977 891 1000 1000
5125 238 1000 1000
6999 873 1000 1000
9008 38 1000 1000
4673 546 1000 1000
2435 529 1000 1000
6086 277 1000 1000
6787 893 1000 1000
7303 519 749 771
966 338 1000 1000
1915 82 1000 1000
4044 974 1000 1000
5666 520 1000 1000
1189 548 1000 1000
6547 531 749 771
9046 494 1000 1000
5384 388 1000 1000
5448 88 1000 1000
6816 140 1000 1000
5538 839 1000 1000
7809 113 1000 1000
2516 659 1000 1000
8131 963 1000 1000
8412 158 1000 1000
4796 846 1000 1000
8395 19 749 771
1194 329 1000 1000
8769 656 749 771
1125 503 1000 1000
7664 156 1000 1000
410 741 1000 1000
6285 546 1000 1000
1841 452 1000 1000
9262 664 1000 1000
7759 792 1000 1000
624 732 1000 1000
6482 360 1000 1000
789 980 1000 1000
6975 176 1000 1000
1405 681 1000 1000
237 630 1000 1000
5401 545 1000 1000
7300 371 1000 1000
4982 416 1000 1000
6635 91 1000 1000
5196 560 749 771
6820 867 1000 1000
4490 318 749 771
7441 379 1000 1000
7880 307 1000 1000
9178 658 1000 1000
7174 876 1000 1000
441 487 749 771
3483 147 749 771
693 376 749 771
2551 762 1000 1000
4584 574 1000 1000
206 672 282 975
4536 370 1000 1000
2840 200 1000 1000
4797 369 1000 1000
7256 573 1000 1000
3612 966 1000 1000
3444 470 1000 1000
5803 740 1000 1000
4263 715 1000 1000
1814 629 1000 1000
2284 731 1000 1000
8533 349 1000 1000
5994 198 1000 1000
4560 536 1000 1000
5115 179 749 771
6534 83 1000 1000
1708 83 1000 1000
5261 485 1000 1000
4344 694 1000 1000
970 465 1000 1000
3328 1 749 771
4870 113 1000 1000
3852 501 1000 1000
1366 615 1000 1000
4401 391 1000 1000
7019 500 1000 1000
7148 330 1000 1000
8939 969 1000 0
2014 769 1000 1000
5222 633 1000 1000
596 800 1000 1000
2837 283 1000 1000
5618 826 1000 1000
308 26 1000 1000
8577 462 1000 1000
1225 580 1000 1000
775 867 1000 1000
8865 726 1000 1000
5590 675 1000 1000
5451 591 1000 1000
1563 916 1000 1000
6984 86 1000 1000
2488 750 1000 1000
6637 282 1000 1000
911 847 1000 1000
3173 826 1000 1000
4323 982 1000 1000
8598 53 1000 1000
7648 427 1000 1000
7012 74 1000 1000
7171 723 1000 1000
7454 194 749 771
1136 459 1000 1000
8153 86 1000 1000
1737 416 1000 1000
659 497 749 771
9420 804 1000 1000
2125 896 1000 1000
3689 830 1000 1000
4013 879 1000 1000
6265 795 1000 1000
8482 312 1000 1000
7858 900 1000 1000
1138 412 1000 1000
7012 803 1000 1000
2195 764 1000 1000
1576 297 1000 1000
4614 487 1000 1000
1292 9 1000 1000
8118 214 1000 1000
4049 414 1000 1000
4959 975 1000 1000
8871 443 1000 1000
8473 112 749 771
5481 505 1000 1000
801 290 749 771
9111 0 1000 1000
5157 865 1000 1000
1574 593 1000 1000
9451 38 1000 1000
6508 886 749 771
586 568 1000 1000
3917 428 1000 1000
6236 604 1000 1000
3409 958 749 771
3580 529 1000 1000
6033 683 749 771
6612 359 1000 1000
1736 616 1000 1000
9521 213 749 771
5879 144 1000 1000
4421 569 1000 1000
824 968 749 771
7279 139 1000 1000
4725 325 1000 1000
2849 430 1000 1000
663 278 749 771
7572 590 1000 1000
8286 268 1000 1000
7076 49 749 771
4215 893 1000 1000
4283 311 749 771
3488 871 1000 1000
6935 297 1000 1000
9388 624 1000 1000
4038 729 1000 1000
5619 76 1000 1000
1590 935 1000 1000
425 602 1000 1000
4010 247 749 771
222 251 1000 1000
4906 628 1000 1000
7396 691 1000 1000
1213 850 1000 1000
8043 323 1000 1000
6685 725 1000 1000
7521 377 1000 1000
6571 326 1000 1000
8561 628 1000 1000
6632 695 1000 1000
4743 465 1000 1000
6220 874 1000 1000
9399 380 1000 1000
2903 540 1000 1000
6349 936 1000 1000
7334 240 1000 1000
1039 724 1000 1000
604 637 1000 1000
6509 226 749 771
4995 131 1000 1000
7534 428 1000 1000
4896 767 1000 1000
632 525 749 771
8034 546 1000 1000
5394 781 1000 1000
8024 615 1000 1000
2589 753 1000 1000
8217 70 1000 1000
5062 694 1000 1000
7418 180 1000 1000
7932 689 1000 1000
3450 170 1000 1000
2932 686 1000 1000
2120 58 1000 1000
7976 469 1000 1000
1824 495 1000 1000
3123 397 1000 1000
3240 858 1000 1000
3415 392 1000 1000
6675 323 1000 1000
5356 141 749 771
8153 9 1000 1000
1652 571 1000 1000
6389 524 1000 1000
6805 943 749 771
3145 447 1000 1000
1456 848 1000 1000
715 482 1000 1000
4844 868 749 771
8619 895 1000 1000
8771 836 1000 1000
621 361 1000 1000
211 619 1000 1000
5860 272 1000 1000
9111 441 1000 1000
1197 46 1000 1000
6834 146 1000 1000
5324 265 1000 1000
6701 574 1000 1000
933 963 1000 1000
4304 227 1000 1000
5042 793 1000 1000
3745 214 1000 1000
5436 735 749 771
3062 434 1000 1000
6246 498 1000 1000
3966 590 1000 1000
479 863 1000 1000
1195 365 1000 1000
2578 815 749 771
8643 341 749 771
5222 683 1000 1000
3073 22 1000 1000
2018 941 1000 1000
2429 635 749 771
5100 91 1000 1000
5952 903 1000 1000
7093 83 1000 1000
425 877 1000 1000
4580 764 1000 1000
8366 114 1000 1000
8797 91 1000 1000
3931 602 1000 1000
7342 539 1000 1000
2343 515 1000 1000
2968 376 1000 1000
2212 64 749 771
7555 729 1000 1000
4368 146 1000 1000
6590 615 1000 1000
2167 517 1000 1000
7076 729 1000 1000
4684 532 749 771
7114 667 1000 1000
7159 619 1000 1000
9502 920 1000 1000
1953 920 1000 1000
7402 653 1000 1000
2344 863 1000 1000
3675 914 1000 1000
6994 96 1000 1000
9133 918 1000 1000
2891 661 1000 1000
5967 981 1000 1000
6614 745 1000 1000
5726 523 1000 1000
4108 554 1000 1000
8721 261 1000 1000
1836 14 1000 1000
6619 958 1000 1000
1609 926 1000 1000
8814 21 749 771
3549 427 1000 1000
8718 792 1000 1000
5058 271 1000 1000
6274 513 1000 1000
4879 464 1000 1000
8668 80 1000 1000
2299 150 1000 1000
6334 312 1000 1000
8246 395 1000 1000
1740 507 1000 1000
6394 752 749 771
257 594 348 601
7894 337 1000 1000
5115 670 1000 1000
6542 606 1000 1000
8598 292 1000 1000
6581 760 1000 1000
3765 165 1000 1000
2806 73 1000 1000
2435 186 1000 1000
1818 527 1000 1000
4938 204 1000 1000
4730 719 1000 1000
3197 237 1000 1000
8085 222 749 771
1255 886 1000 1000
7143 254 1000 1000
7936 432 1000 1000
3804 943 1000 1000
6116 986 749 771
4018 111 1000 1000
6304 100 749 771
1539 493 1000 1000
7758 543 1000 1000
7585 704 1000 1000
6929 696 1000 1000
7575 117 1000 1000
1579 950 1000 1000
4606 46 1000 1000
6846 264 1000 1000
5584 549 749 771
7471 137 1000 1000
8774 970 1000 1000
5554 738 1000 1000
3683 757 749 771
8727 398 749 771
2426 161 749 771
2563 790 1000 1000
4635 208 1000 1000
4695 499 749 771
8889 191 1000 1000
5436 781 1000 1000
5475 690 1000 1000
3468 724 1000 1000
3243 960 1000 1000
3179 748 1000 1000
2452 664 1000 1000
2578 738 1000 1000
533 468 1000 1000
5607 675 1000 1000
6356 601 749 771
6651 899 1000 1000
7477 162 1000 1000
3247 310 749 771
9502 703 1000 1000
3319 620 1000 1000
7375 483 1000 1000
5413 588 1000 1000
6698 687 1000 1000
8454 823 1000 1000
6557 575 1000 1000
6483 396 749 771
6845 882 1000 1000
3972 92 1000 1000
5924 74 1000 1000
6241 270 749 771
2646 492 1000 1000
3667 618 749 771
1642 579 1000 1000
4475 107 1000 1000
2349 255 1000 1000
5436 343 1000 1000
9147 140 1000 1000
2662 499 1000 1000
7039 994 1000 1000
3764 140 1000 1000
6661 782 749 771
5362 546 1000 1000
7842 695 1000 1000
6078 287 1000 1000
3499 920 1000 1000
4613 384 1000 1000
6093 246 1000 1000
8282 378 1000 1000
154 185 1000 1000
2672 270 1000 1000
4343 895 1000 1000
1178 808 1000 1000
4600 343 1000 1000
8348 517 1000 1000
5331 123 1000 1000
2736 813 1000 1000
9315 105 1000 1000
2378 895 1000 1000
1675 57 1000 1000
1463 396 1000 1000
5780 510 1000 1000
4424 878 1000 1000
4046 56 1000 1000
3351 184 749 771
6809 247 1000 1000
8034 113 1000 1000
898 509 1000 1000
565 483 1000 1000
6331 3 1000 1000
7982 714 1000 1000
514 147 1000 1000
1733 50 1000 1000
210 899 1000 1000
6471 161 1000 1000
964 831 1000 1000
8503 838 749 771
3067 368 1000 1000
8916 537 1000 1000
6315 80 1000 1000
8083 278 1000 1000
533 925 1000 1000
585 4 1000 1000
9180 259 1000 1000
6741 932 1000 1000
9409 620 1000 1000
3970 864 1000 1000
803 448 1000 1000
2499 272 1000 1000
3291 626 1000 1000
6414 301 749 771
8272 789 1000 1000
1123 723 1000 1000
8298 158 1000 1000
3243 693 749 771
3365 345 1000 1000
665 893 1000 1000
1614 635 1000 1000
7549 752 1000 1000
483 922 1000 1000
4944 980 1000 1000
1319 762 1000 1000
7797 977 1000 1000
8288 836 1000 1000
2606 720 1000 1000
4234 822 1000 1000
5606 383 1000 1000
9413 263 1000 1000
2693 762 1000 1000
3218 419 749 771
1955 436 1000 1000
4252 510 1000 1000
8780 686 1000 1000
3665 293 1000 1000
3994 295 1000 1000
611 366 1000 1000
3860 819 1000 1000
8812 633 1000 1000
5122 192 1000 1000
1339 788 1000 1000
7375 62 1000 1000
6396 855 749 771
3733 32 1000 1000
4329 678 1000 1000
9071 76 1000 1000
6233 771 1000 1000
2785 144 1000 1000
1902 253 749 771
3432 76 1000 1000
5910 185 1000 1000
4551 467 1000 1000
6507 771 1000 1000
8727 120 1000 1000
1398 186 1000 1000
6248 377 1000 1000
7700 551 1000 1000
4776 1 1000 1000
717 98 1000 1000
7477 791 1000 1000
8203 431 1000 1000
3743 992 1000 1000
5664 825 1000 1000
4063 250 1000 1000
5142 928 1000 1000
7765 602 1000 1000
1040 575 1000 1000
2104 518 1000 1000
3220 97 1000 1000
8219 995 1000 1000
6679 944 749 771
3037 711 1000 1000
5297 627 1000 1000
4592 5 1000 1000
4885 573 1000 1000
1531 276 1000 1000
6906 567 749 771
8488 688 749 771
2814 388 1000 1000
1064 905 1000 1000
1902 371 1000 1000
7830 500 1000 1000
409 436 1000 1000
1083 403 1000 1000
657 61 1000 1000
3228 200 1000 1000
8425 679 1000 1000
2066 823 1000 1000
1914 425 1000 1000
4129 981 1000 1000
6866 133 1000 1000
8842 247 1000 1000
494 658 1000 1000
7879 974 1000 1000
5232 791 1000 1000
389 417 1000 1000
2944 730 1000 1000
5046 457 1000 1000
4299 495 1000 1000
2050 661 1000 1000
4517 491 1000 1000
4348 786 1000 1000
8772 917 1000 1000
7963 505 1000 1000
9200 851 1000 1000
1907 511 1000 1000
4464 145 1000 1000
4987 250 1000 1000
8254 496 1000 1000
5594 340 1000 1000
6057 907 1000 1000
8328 919 749 771
6793 951 1000 1000
6380 534 1000 1000
1627 623 749 771
8795 558 1000 1000
5802 700 749 771
8971 823 1000 1000
1928 484 1000 1000
3859 672 0 308
8959 851 1000 1000
7102 53 1000 1000
6051 179 1000 1000
4634 191 1000 1000
4988 727 1000 1000
7443 536 1000 1000
3068 62 1000 1000
7911 776 749 771
3756 18 1000 1000
8063 310 1000 1000
1522 70 1000 1000
3280 461 1000 1000
2403 300 1000 1000
2878 150 1000 1000
2421 297 1000 1000
734 528 1000 1000
1899 430 1000 1000
4828 685 1000 1000
7056 732 1000 1000
8200 720 1000 1000
1088 404 1000 1000
4974 648 1000 1000
8643 123 1000 1000
3382 986 1000 1000
9092 636 1000 1000
6939 939 1000 1000
6948 711 1000 1000
3499 916 1000 1000
6480 441 1000 1000
6866 155 749 771
4273 330 1000 1000
6894 118 1000 1000
1385 322 1000 1000
3758 744 1000 1000
6723 570 1000 1000
6597 799 1000 1000
2631 771 1000 1000
4308 646 1000 1000
4371 30 749 771
7620 486 1000 1000
7286 39 749 771
3306 305 1000 1000
6960 561 749 771
371 689 1000 1000
8515 662 1000 1000
5591 329 1000 1000
7166 241 1000 1000
5790 516 1000 1000
3223 765 749 771
3572 83 1000 1000
3755 963 1000 1000
5897 834 1000 1000
6325 458 1000 1000
5393 501 1000 1000
3732 631 1000 1000
8069 591 1000 1000
5492 777 1000 1000
2802 122 1000 1000
1083 969 1000 0
2763 876 1000 1000
7722 993 1000 1000
1176 837 1000 1000
4800 471 1000 1000
1688 741 1000 1000
6771 128 1000 1000
2928 696 1000 1000
4536 428 1000 1000
8779 960 1000 1000
4873 638 1000 1000
956 413 1000 1000
3185 209 1000 1000
1509 486 1000 1000
5567 612 1000 1000
237 175 749 771
1229 68 1000 1000
8753 593 1000 1000
5622 1 1000 1000
5440 118 1000 1000
9099 850 1000 1000
6793 680 1000 1000
5703 814 749 771
7059 948 749 771
1053 69 1000 1000
8310 738 1000 1000
3002 281 749 771
5101 252 1000 1000
8672 51 749 771
1208 194 1000 1000
2144 522 749 771
5831 5 1000 1000
4688 988 1000 1000
6945 863 1000 1000
8683 589 1000 1000
141 148 386 730
7276 207 749 771
7514 709 1000 1000
8542 872 1000 1000
3710 97 1000 1000
7027 456 1000 1000
1052 978 1000 1000
3695 357 1000 1000
2982 656 1000 1000
6277 273 1000 1000
6461 545 1000 1000
7785 52 1000 1000
6261 14 1000 1000
5968 133 1000 1000
7004 211 1000 1000
8674 230 1000 1000
3291 292 1000 1000
6284 797 749 771
6332 744 1000 1000
7307 505 1000 1000
5792 435 1000 1000
4381 525 1000 1000
2147 371 1000 1000
4556 179 1000 1000
2271 312 1000 1000
685 883 749 771
9422 903 1000 1000
9438 475 1000 1000
1017 139 1000 1000
7389 399 749 771
6531 797 1000 1000
9157 911 1000 1000
7171 502 1000 1000
757 561 1000 1000
8504 208 1000 1000
7082 995 1000 1000
7854 963 1000 1000
1707 54 1000 1000
8373 904 1000 1000
5526 641 1000 1000
7011 961 1000 1000
3374 304 1000 1000
2208 673 1000 1000
4558 755 1000 1000
2685 367 1000 1000
6591 600 1000 1000
1544 105 1000 1000
2250 369 1000 1000
4277 919 1000 1000
4357 291 1000 1000
7569 629 1000 1000
4285 755 1000 1000
735 330 1000 1000
5463 678 1000 1000
4405 708 749 771
3648 358 1000 1000
3324 983 1000 1000
1308 828 1000 1000
9046 838 1000 1000
9462 323 1000 1000
3399 508 1000 1000
8224 158 1000 1000
1951 409 1000 1000
5136 221 1000 1000
4522 34 749 771
1172 159 1000 1000
3111 911 1000 1000
6279 586 1000 1000
639 205 1000 1000
9328 358 1000 1000
8494 28 1000 1000
8233 866 1000 1000
7109 989 1000 1000
7484 135 749 771
5819 942 1000 1000
8555 261 1000 1000
8164 975 1000 1000
1670 102 1000 1000
2789 763 1000 1000
6870 142 749 771
3481 173 749 771
4337 941 1000 1000
8005 281 1000 1000
8761 950 1000 1000
2266 927 1000 1000
7865 897 1000 1000
9419 125 749 771
7807 434 1000 1000
751 307 1000 1000
832 292 1000 1000
3857 876 1000 1000
3447 195 1000 1000
2916 653 1000 1000
3352 254 1000 1000
6640 613 1000 1000
7797 574 1000 1000
6154 388 1000 1000
1606 926 1000 1000
5011 80 1000 1000
1702 944 1000 1000
6928 446 1000 1000
9450 569 1000 1000
6254 147 1000 1000
4800 869 1000 1000
8485 957 1000 1000
1137 617 1000 1000
2503 863 1000 1000
5871 154 1000 1000
4613 744 1000 1000
4874 685 1000 1000
933 811 1000 1000
7590 956 1000 1000
5658 265 1000 1000
1833 927 1000 1000
1503 520 1000 1000
6301 815 1000 1000
4838 369 1000 1000
6224 136 749 771
6449 703 1000 1000
8023 468 1000 1000
4124 830 1000 1000
3630 546 1000 1000
4730 881 1000 1000
8332 351 1000 1000
1080 968 1000 1000
714 165 1000 1000
2250 432 1000 1000
8879 945 1000 1000
5107 868 1000 1000
8181 967 1000 1000
9438 149 749 771
4318 708 1000 1000
924 260 749 771
7767 771 1000 1000
3163 2 1000 1000
5222 981 1000 1000
2424 895 1000 1000
3034 290 1000 1000
5144 575 1000 1000
8768 131 1000 1000
6232 279 1000 1000
6045 706 1000 1000
1179 64 1000 1000
4009 278 1000 1000
2459 815 1000 1000
1789 661 1000 1000
3558 784 1000 1000
4889 396 1000 1000
420 778 749 771
5856 26 1000 1000
7165 600 1000 1000
7009 269 1000 1000
273 798 1000 1000
3413 619 1000 1000
4351 878 1000 1000
8581 343 1000 1000
8898 246 1000 1000
8892 689 1000 1000
338 783 1000 1000
2173 761 1000 1000
7535 481 1000 1000
7738 774 1000 1000
2705 244 1000 1000
9418 546 1000 1000
2462 465 1000 1000
6634 283 1000 1000
8664 306 1000 1000
9296 452 1000 1000
7646 162 1000 1000
7270 587 1000 1000
3369 393 1000 1000
6039 523 1000 1000
7545 324 1000 1000
4249 517 1000 1000
5805 780 1000 1000
8358 395 1000 1000
6318 370 1000 1000
438 505 1000 1000
6952 99 1000 1000
7299 865 1000 1000
5175 921 1000 1000
680 365 1000 1000
4431 982 1000 1000
6565 120 1000 1000
8199 421 1000 1000
6626 862 1000 1000
1342 933 1000 1000
7628 963 1000 1000
2482 763 1000 1000
104 461 949 1000
9180 808 1000 1000
3167 28 1000 1000
2457 876 1000 1000
8151 158 1000 1000
2015 263 1000 1000
5447 228 1000 1000
6823 581 1000 1000
2221 445 1000 1000
2178 369 1000 1000
6814 509 1000 1000
7255 686 1000 1000
266 362 749 771
3392 803 1000 1000
5635 639 1000 1000
1106 706 1000 1000
5473 66 749 771
4277 913 1000 1000
4436 725 1000 1000
3086 419 1000 1000
9093 225 1000 1000
5835 905 1000 1000
4142 717 1000 1000
8076 2 1000 1000
2252 246 1000 1000
8879 854 1000 1000
2194 323 1000 1000
6890 148 964 0
8690 248 1000 1000
3983 230 1000 1000
5517 586 1000 1000
4894 24 1000 1000
1359 661 1000 1000
1238 100 1000 1000
7763 620 1000 1000
4351 559 1000 1000
6155 876 1000 1000
8114 235 1000 1000
1243 755 1000 1000
957 98 1000 1000
4421 577 1000 1000
9024 185 1000 1000
6117 383 1000 1000
1792 887 1000 1000
5213 820 1000 1000
6845 289 1000 1000
3056 495 1000 1000
1196 666 1000 1000
6454 258 1000 1000
8169 430 1000 1000
1715 62 1000 1000
274 178 435 921
6568 852 1000 1000
7195 257 1000 1000
2858 502 1000 1000
5687 54 1000 1000
8712 479 1000 1000
8336 694 1000 1000
3928 308 1000 1000
3941 206 1000 1000
2687 463 749 771
6072 306 1000 1000
343 933 1000 1000
6810 131 1000 1000
2414 925 1000 1000
8578 200 1000 1000
7297 353 1000 1000
2080 681 1000 1000
967 716 1000 1000
4709 908 749 771
1039 469 1000 1000
2603 457 1000 1000
9183 120 1000 1000
8687 992 1000 1000
9420 818 1000 1000
6118 680 1000 1000
7149 279 1000 1000
2557 795 1000 1000
6900 15 1000 1000
1090 465 1000 1000
8023 62 1000 1000
4973 768 1000 1000
7361 805 1000 1000
7030 196 1000 1000
6226 325 1000 1000
5225 927 1000 1000
7575 566 1000 1000
2573 531 1000 1000
512 312 1000 1000
6737 18 1000 1000
5021 309 1000 1000
7726 984 749 771
2328 753 1000 1000
9355 356 1000 1000
6617 573 1000 1000
2267 277 1000 1000
6792 454 1000 1000
726 364 1000 1000
7189 223 1000 1000
830 183 749 771
232 839 1000 886
2484 42 1000 1000
807 335 1000 1000
6330 120 1000 1000
9272 573 1000 1000
5907 275 749 771
7210 557 1000 1000
8340 596 1000 1000
1917 415 749 771
3091 299 1000 1000
3348 320 1000 1000
9162 325 1000 1000
7061 400 1000 1000
1369 222 1000 1000
3444 93 1000 1000
3000 492 1000 1000
4809 675 1000 1000
6648 615 1000 1000
6898 581 1000 1000
4629 276 1000 1000
4269 333 1000 1000
7294 196 1000 1000
1643 231 1000 1000
9365 839 1000 1000
3025 166 1000 1000
5871 885 1000 1000
3752 725 1000 1000
6188 940 1000 1000
8152 994 1000 1000
4792 105 1000 1000
215 923 1000 1000
2096 847 1000 1000
5059 27 1000 1000
1530 804 1000 1000
4667 167 1000 1000
2184 179 1000 1000
4428 354 1000 1000
1011 816 1000 1000
4955 297 1000 1000
3524 683 1000 1000
8215 221 1000 1000
7192 730 1000 1000
6935 890 1000 1000
4724 939 1000 1000
3648 652 1000 1000
1761 888 1000 1000
2805 415 1000 1000
3878 471 1000 1000
6841 693 1000 1000
2733 517 1000 1000
1451 360 1000 1000
5858 676 1000 1000
7068 77 1000 1000
3331 194 1000 1000
6741 907 1000 1000
7050 930 1000 1000
2665 419 1000 1000
6873 681 1000 1000
8299 237 1000 1000
2947 799 1000 1000
5890 671 1000 1000
7712 576 1000 1000
925 851 1000 1000
7198 791 1000 1000
6327 132 1000 1000
6110 216 749 771
1462 110 1000 1000
8767 127 1000 1000
4336 247 1000 1000
1633 243 1000 1000
5938 537 1000 1000
7454 607 749 771
3644 539 1000 1000
6734 763 1000 1000
610 997 1000 1000
4804 543 1000 1000
3096 871 1000 1000
80 470 1000 886
3061 772 1000 1000
5488 771 1000 1000
7490 605 1000 1000
453 794 1000 1000
7544 394 1000 1000
6538 244 1000 1000
7411 599 749 771
6918 236 749 771
3767 701 1000 1000
7645 436 1000 1000
784 42 1000 1000
3192 83 1000 1000
1370 181 1000 1000
1161 917 1000 1000
6136 53 1000 1000
1761 392 1000 1000
7241 785 1000 1000
8821 514 749 771
8215 568 1000 1000
6478 337 1000 1000
2611 166 1000 1000
8040 930 1000 1000
3751 952 1000 1000
7180 920 1000 1000
8033 977 1000 1000
7327 822 1000 1000
1630 814 1000 1000
5913 658 1000 1000
7057 208 1000 1000
711 993 1000 1000
4113 626 1000 1000
5881 982 1000 1000
242 971 1000 1000
9046 262 749 771
2691 814 1000 1000
2067 286 1000 1000
3805 393 1000 1000
3396 767 1000 1000
3558 142 1000 1000
6219 315 1000 1000
5669 891 1000 1000
3888 733 1000 1000
1206 476 1000 1000
1175 909 1000 1000
7253 748 1000 1000
2923 977 1000 1000
6020 934 1000 1000
8329 128 1000 1000
472 464 1000 1000
2346 516 1000 1000
7576 257 1000 1000
2899 7 1000 1000
2170 100 1000 1000
4039 464 1000 1000
7510 987 1000 1000
881 70 1000 1000
8594 79 1000 1000
1800 666 1000 1000
6066 981 1000 1000
7627 465 1000 1000
6909 592 1000 1000
3039 922 1000 1000
4658 573 1000 1000
3731 294 1000 1000
1691 98 1000 1000
8215 818 1000 1000
4324 990 1000 1000
8194 261 1000 1000
3640 961 1000 1000
6217 263 1000 1000
4639 364 1000 1000
2955 701 1000 1000
223 991 1000 1000
1322 173 1000 1000
3073 12 1000 1000
8089 102 1000 1000
6280 97 1000 1000
4186 213 1000 1000
1730 783 1000 1000
616 662 1000 1000
4678 335 1000 1000
2385 806 1000 1000
4249 666 1000 1000
8196 458 1000 1000
7780 67 1000 1000
4889 677 1000 1000
3099 417 1000 1000
1380 855 1000 1000
5352 156 1000 1000
4954 801 1000 1000
2191 449 1000 1000
9513 927 1000 1000
7773 790 1000 1000
8929 941 1000 1000
7897 109 1000 1000
6589 671 1000 1000
8304 536 1000 1000
8082 329 1000 1000
1721 332 1000 1000
3443 216 1000 1000
1905 85 1000 1000
2617 504 1000 1000
6244 754 1000 1000
7749 781 1000 1000
289 239 1000 1000
5172 205 1000 1000
3542 149 1000 1000
1788 263 1000 1000
1932 899 1000 1000
1384 536 1000 1000
6519 378 1000 1000
6488 178 1000 172
7869 282 1000 1000
2135 565 1000 1000
4859 639 1000 1000
1394 716 1000 1000
5782 764 1000 1000
1313 941 1000 1000
3851 14 1000 1000
6153 280 1000 1000
4047 235 1000 1000
5439 253 1000 1000
3391 771 1000 1000
996 244 1000 1000
8826 885 1000 1000
2460 787 1000 1000
2930 423 1000 1000
8584 58 1000 1000
2000 453 1000 1000
2335 154 1000 1000
373 201 1000 1000
6073 787 1000 1000
927 740 1000 1000
4545 408 1000 1000
2214 747 1000 1000
2588 782 1000 1000
3079 158 1000 1000
6693 893 1000 1000
8092 787 1000 1000
5241 138 1000 1000
6011 17 1000 1000
3814 35 308 1000
1114 675 1000 1000
3058 132 1000 1000
9169 46 1000 1000
8290 624 1000 1000
3322 986 1000 1000
7120 802 749 771
4262 892 1000 1000
3152 818 1000 1000
6450 7 1000 1000
6704 919 1000 1000
525 775 1000 1000
2715 877 1000 1000
3171 766 1000 1000
1659 663 1000 1000
9196 530 1000 1000
8632 910 1000 1000
941 301 1000 1000
1055 385 1000 1000
4821 874 1000 1000
603 761 1000 1000
3057 907 1000 1000
5761 193 749 771
7509 820 1000 1000
4730 663 1000 1000
8359 470 1000 1000
1248 427 1000 1000
1420 720 1000 1000
4273 878 1000 1000
6966 302 1000 1000
5525 966 1000 1000
8920 691 1000 1000
2894 697 1000 1000
7832 953 1000 1000
4303 163 749 771
6187 515 1000 1000
8390 509 1000 1000
8681 32 1000 1000
6619 504 1000 1000
6856 914 1000 1000
364 939 1000 1000
6457 850 1000 1000
6690 394 1000 1000
1849 82 1000 1000
5288 158 1000 1000
4200 573 1000 1000
4687 486 1000 1000
1233 637 1000 1000
8158 54 1000 1000
4561 413 1000 1000
2231 532 1000 1000
9456 260 1000 1000
2934 57 1000 1000
3457 403 1000 1000
2743 343 1000 1000
9153 764 1000 1000
6952 479 1000 1000
3422 69 1000 1000
2439 612 1000 1000
5871 148 1000 0
3869 647 1000 1000
2906 814 1000 1000
8621 191 1000 1000
7153 514 1000 1000
4962 400 1000 1000
4889 549 1000 1000
4404 623 1000 1000
8161 40 1000 1000
2404 853 1000 1000
1077 847 1000 1000
8813 72 749 771
9036 806 1000 1000
3771 687 1000 1000
3936 379 1000 1000
2697 893 1000 1000
3059 407 1000 1000
332 196 1000 1000
3704 343 1000 1000
1343 240 1000 1000
471 943 1000 1000
6001 910 1000 1000
6948 439 1000 1000
6120 908 1000 1000
5927 274 1000 1000
1985 573 1000 1000
7049 369 1000 1000
2395 949 1000 1000
4837 696 1000 1000
3284 272 1000 1000
3131 933 1000 1000
6175 589 1000 1000
7915 901 749 771
5342 33 1000 1000
3447 540 1000 1000
5833 175 1000 1000
8083 63 1000 1000
8468 166 1000 1000
5734 42 1000 1000
6868 923 1000 1000
1505 190 1000 1000
8761 163 1000 1000
7042 484 1000 1000
738 768 1000 1000
8782 979 1000 1000
7409 649 1000 1000
9400 819 1000 1000
8147 725 1000 1000
4366 759 1000 1000
8809 152 1000 1000
5003 883 1000 1000
3012 367 1000 1000
3232 680 1000 1000
8037 379 1000 1000
1165 762 1000 1000
4357 884 1000 1000
4550 127 1000 1000
8988 183 1000 1000
5960 774 1000 1000
3961 319 1000 1000
2552 391 1000 1000
9254 315 1000 1000
7084 615 1000 1000
3626 620 1000 1000
1820 994 1000 1000
3189 889 1000 1000
2092 192 1000 1000
8248 537 1000 1000
6632 118 1000 1000
9449 3 1000 1000
4876 679 1000 1000
3859 508 1000 1000
5488 493 1000 1000
269 520 949 1000
4169 26 1000 1000
7701 537 1000 1000
5159 284 1000 1000
2866 565 1000 1000
5236 346 1000 1000
7354 788 1000 1000
5277 298 1000 1000
4758 634 1000 1000
1510 372 1000 1000
6312 553 1000 1000
8643 65 749 771
3150 28 1000 1000
7919 54 1000 1000
7715 240 1000 1000
4738 453 1000 1000
2153 286 1000 1000
8825 704 1000 1000
75 56 275 639
6905 858 1000 1000
8031 182 1000 1000
3934 648 1000 1000
2886 243 1000 1000
1892 354 1000 1000
5148 775 1000 1000
4102 848 1000 1000
9005 362 1000 1000
5099 898 1000 1000
3262 771 1000 1000
6235 866 1000 1000
3042 763 1000 1000
6513 788 1000 1000
7360 405 1000 1000
2575 141 1000 1000
7103 132 1000 1000
2001 935 1000 1000
5994 695 1000 1000
6765 6 1000 1000
4433 36 1000 1000
3210 210 749 771
1013 47 1000 1000
7827 373 1000 1000
3225 670 1000 1000
3325 409 1000 1000
8686 991 1000 1000
9154 325 1000 1000
8242 611 1000 1000
9113 131 1000 1000
5515 821 1000 1000
7815 528 1000 1000
9222 87 749 771
7139 472 1000 1000
1097 720 1000 1000
5745 772 1000 1000
1255 266 1000 1000
1141 333 1000 1000
2598 984 1000 1000
3523 460 1000 1000
1436 73 1000 1000
3049 145 1000 1000
4239 238 1000 1000
6459 831 1000 1000
5074 730 1000 1000
1646 572 1000 1000
2092 517 1000 1000
4832 924 1000 1000
3963 908 1000 1000
2439 422 1000 1000
3552 913 1000 1000
2353 6 1000 1000
1502 634 1000 1000
2511 12 1000 1000
5437 924 1000 1000
4067 15 1000 1000
9372 74 1000 1000
8770 866 1000 1000
7341 871 1000 1000
7862 429 1000 1000
2451 171 1000 1000
2413 802 1000 1000
8904 49 1000 1000
3618 254 1000 1000
9483 886 1000 1000
6682 607 1000 1000
5491 132 1000 1000
1911 258 1000 1000
3541 214 1000 1000
1293 539 1000 1000
3946 653 1000 1000
5267 209 1000 1000
2367 33 1000 1000
4859 20 1000 1000
4028 131 1000 1000
3261 790 1000 1000
8378 462 1000 1000
3897 634 1000 1000
1591 8 1000 1000
3592 834 1000 1000
7303 55 749 771
6672 131 1000 1000
7519 65 1000 1000
5784 940 1000 1000
8974 364 1000 1000
7044 337 1000 1000
590 145 1000 1000
5347 607 1000 1000
3800 456 1000 1000
5890 753 1000 1000
7027 172 1000 1000
6213 321 1000 1000
4603 544 1000 1000
8511 718 1000 1000
8633 546 1000 1000
5824 715 1000 1000
6935 343 1000 1000
6917 794 1000 1000
3064 822 1000 1000
4490 470 1000 1000
1806 299 1000 1000
117 901 367 929
7810 926 1000 1000
5267 762 1000 1000
3430 327 1000 1000
6578 232 1000 1000
6177 151 1000 1000
6761 98 1000 1000
5634 387 1000 1000
475 958 1000 1000
1619 688 1000 1000
3322 738 1000 1000
2006 731 1000 1000
5089 250 1000 1000
2794 781 1000 1000
8423 772 1000 1000
6751 769 1000 1000
9409 616 1000 1000
7195 528 1000 1000
8859 121 1000 1000
1562 289 1000 1000
394 866 1000 1000
1718 319 1000 1000
5042 102 1000 1000
3261 83 1000 1000
4716 527 1000 1000
2244 750 1000 1000
5300 388 1000 1000
8633 37 749 771
7166 355 1000 1000
5969 835 1000 1000
5789 123 1000 1000
2537 158 1000 1000
1146 475 1000 1000
541 138 1000 1000
6006 323 1000 1000
8321 497 1000 1000
7508 989 1000 1000
7379 686 1000 1000
2212 223 1000 1000
2518 416 1000 1000
6228 350 1000 1000
3376 179 1000 1000
8765 546 1000 1000
7916 787 1000 1000
9280 973 749 771
1974 510 1000 1000
7012 708 1000 1000
8543 26 1000 1000
4344 727 1000 1000
1143 255 1000 1000
6381 559 1000 1000
2952 246 1000 1000
921 421 1000 1000
1436 17 1000 1000
3334 913 1000 1000
6170 611 1000 1000
7438 158 1000 1000
6261 536 1000 1000
367 327 1000 1000
695 329 1000 1000
6489 518 1000 1000
3881 877 1000 1000
3741 336 1000 1000
5322 774 1000 1000
8209 427 1000 1000
5000 94 1000 1000
7906 664 1000 1000
7697 323 1000 1000
8737 260 1000 1000
7429 647 1000 1000
3094 432 1000 1000
1016 531 1000 1000
2163 688 1000 1000
6460 356 1000 1000
8052 27 1000 1000
6354 381 1000 1000
8840 943 1000 1000
6112 983 1000 1000
6385 581 1000 1000
4511 509 1000 1000
7182 869 1000 1000
1392 477 1000 1000
4980 814 1000 1000
3420 81 749 771
5797 156 1000 1000
5844 239 1000 1000
6442 316 1000 1000
9318 779 1000 1000
2067 116 1000 1000
7698 831 1000 1000
3040 872 1000 1000
223 274 615 929
7574 200 1000 1000
8923 383 1000 1000
5713 801 1000 1000
2981 790 1000 1000
5326 532 1000 1000
4911 383 1000 1000
8183 913 1000 1000
1569 737 1000 1000
5801 582 1000 1000
6730 370 1000 1000
6448 847 1000 1000
5525 234 749 771
3921 933 1000 1000
1955 73 1000 1000
367 587 1000 1000
8660 374 749 771
341 382 1000 1000
543 69 1000 1000
5510 301 1000 1000
3689 172 1000 1000
8369 250 1000 1000
8447 12 1000 1000
1093 827 1000 1000
1431 851 1000 1000
447 27 1000 1000
4000 821 1000 1000
8651 876 1000 1000
6094 901 0 308
3146 733 1000 1000
3552 957 1000 1000
1607 804 1000 1000
9114 584 1000 1000
9003 110 1000 1000
2647 753 1000 1000
6096 358 1000 1000
8716 190 1000 1000
7901 955 1000 1000
3280 147 1000 1000
3581 819 1000 1000
1240 173 1000 1000
506 569 1000 1000
936 943 1000 1000
1389 426 749 771
8183 540 1000 1000
2312 990 1000 1000
5758 327 1000 1000
8710 624 1000 1000
8531 364 1000 1000
3912 753 1000 1000
5676 329 1000 1000
5369 401 1000 1000
3454 858 1000 1000
5659 887 1000 1000
6106 661 1000 1000
2754 603 1000 1000
5320 139 1000 1000
2623 764 1000 1000
2148 934 1000 1000
3870 760 1000 1000
1722 929 1000 1000
2737 496 1000 1000
5002 456 1000 1000
4015 753 1000 1000
5526 297 1000 1000
9219 869 1000 1000
9379 197 749 771
2715 326 1000 1000
4233 752 1000 1000
8914 956 1000 1000
6293 961 1000 1000
3109 700 1000 1000
3927 32 1000 1000
7302 154 1000 1000
6845 292 1000 1000
7978 42 1000 1000
6244 517 1000 1000
9253 875 1000 1000
2233 143 1000 1000
7372 238 1000 1000
6406 397 1000 1000
1362 235 1000 1000
179 416 275 730
3679 317 1000 1000
8484 518 1000 1000
1373 130 1000 1000
7541 368 1000 1000
6003 910 1000 1000
7956 767 1000 1000
8448 770 1000 1000
2196 808 1000 1000
5593 192 1000 1000
9359 447 1000 1000
5947 513 1000 1000
7924 671 1000 1000
8758 95 1000 1000
7396 694 1000 1000
1633 284 1000 1000
812 776 1000 1000
2608 82 1000 1000
1263 765 1000 1000
4381 693 1000 1000
3161 888 1000 1000
1200 200 1000 1000
1554 335 1000 1000
8545 705 1000 1000
2452 417 1000 1000
5074 264 1000 1000
4002 466 1000 1000
3356 399 1000 1000
3345 732 1000 1000
9351 671 1000 1000
3034 687 1000 1000
1531 784 1000 1000
4578 704 1000 1000
3612 415 1000 1000
6328 834 1000 1000
4000 554 1000 1000
3347 316 1000 1000
3494 803 1000 1000
2260 499 1000 1000
1671 701 1000 1000
9040 505 1000 1000
7816 839 1000 1000
8648 500 1000 1000
2096 517 1000 1000
2209 25 1000 1000
5125 942 1000 1000
6624 837 1000 1000
1210 790 1000 1000
7599 610 1000 1000
6647 29 1000 1000
5016 402 1000 1000
1065 169 1000 1000
8178 977 1000 1000
6722 937 749 771
2065 350 1000 1000
5815 152 1000 1000
2135 567 1000 1000
1064 188 1000 1000
6189 688 1000 1000
3150 223 1000 1000
8402 998 1000 1000
1286 80 1000 1000
6175 879 1000 1000
7317 791 1000 1000
5341 766 1000 1000
623 624 1000 1000
5042 621 1000 1000
1096 417 1000 1000
7058 612 1000 1000
9202 511 1000 1000
6268 874 1000 1000
3369 737 1000 1000
7115 584 1000 1000
2794 370 1000 1000
7853 769 1000 1000
2704 615 1000 1000
5933 575 1000 1000
5432 92 1000 1000
276 112 1000 1000
3539 102 1000 1000
7191 203 1000 1000
2151 635 1000 1000
6388 842 1000 1000
6754 76 1000 1000
8628 409 1000 1000
7838 633 1000 1000
8544 444 1000 1000
7396 841 1000 1000
8836 313 749 771
5573 682 1000 1000
7293 695 1000 1000
8346 354 1000 1000
514 913 1000 1000
8152 968 1000 1000
8033 65 1000 1000
5601 290 1000 1000
3898 539 1000 1000
4502 652 1000 1000
1209 679 1000 1000
226 725 1000 1000
4859 171 1000 1000
843 120 1000 1000
1854 237 1000 1000
3827 167 1000 1000
9429 463 1000 1000
6448 600 1000 1000
6020 379 1000 1000
1364 125 1000 1000
6492 506 1000 1000
8219 59 1000 1000
319 663 1000 1000
9078 610 1000 1000
5379 647 1000 1000
270 302 282 975
7007 703 1000 1000
3362 622 1000 1000
1890 460 1000 1000
2762 545 1000 1000
197 31 1000 1000
7138 221 1000 1000
6004 403 1000 1000
4180 827 1000 1000
5037 724 1000 1000
644 662 1000 1000
3411 970 1000 1000
205 973 1000 1000
8048 865 1000 1000
6681 558 1000 1000
4434 176 1000 1000
9298 34 1000 1000
9127 766 1000 1000
1225 441 1000 1000
4151 751 1000 1000
4055 121 1000 1000
4001 232 1000 1000
5706 310 1000 1000
7018 725 1000 1000
2747 658 1000 1000
4941 226 1000 1000
7605 456 1000 1000
3456 436 1000 1000
547 890 1000 1000
8807 409 1000 1000
4940 464 1000 1000
568 729 1000 1000
5541 620 1000 1000
3081 998 1000 1000
9287 494 1000 1000
3220 886 1000 1000
9421 959 1000 1000
7083 697 1000 1000
3323 944 1000 1000
8244 270 1000 1000
2105 804 1000 1000
6504 804 1000 1000
2878 294 1000 1000
1384 931 749 771
9134 98 1000 1000
4205 5 1000 1000
7384 975 1000 1000
6135 740 1000 1000
218 616 733 1000
9430 277 1000 1000
2213 923 1000 1000
2549 314 1000 1000
5518 548 1000 1000
5992 23 749 771
1622 596 1000 1000
3252 234 1000 1000
6790 646 1000 1000
7406 696 1000 1000
6060 392 1000 1000
1571 840 1000 1000
301 248 1000 1000
5971 364 1000 1000
5370 598 1000 1000
7495 810 1000 1000
1670 232 1000 1000
7875 886 1000 1000
4804 951 1000 1000
4462 194 1000 1000
3078 239 1000 1000
1244 239 1000 1000
4082 625 1000 1000
1743 147 1000 1000
5240 542 1000 1000
7763 271 1000 1000
6988 540 1000 1000
2842 585 749 771
1452 487 1000 1000
8073 812 1000 1000
2472 875 1000 1000
3942 553 1000 1000
8509 249 1000 1000
8459 896 1000 1000
8733 977 1000 1000
3834 359 1000 1000
6582 932 1000 1000
375 767 1000 1000
8229 778 1000 1000
5450 926 1000 1000
8936 588 1000 1000
9496 527 1000 1000
8393 448 1000 1000
5004 693 1000 1000
376 859 1000 1000
5595 77 1000 1000
9303 765 1000 1000
4677 43 1000 1000
3702 883 1000 1000
3237 175 1000 1000
7708 978 1000 1000
5335 954 1000 1000
5366 8 1000 1000
3569 869 1000 1000
9357 849 1000 1000
9015 207 1000 1000
4087 645 1000 1000
7110 371 1000 1000
298 57 1000 1000
6665 27 1000 1000
3992 738 1000 1000
4793 572 1000 1000
2978 829 749 771
7795 194 1000 1000
6993 950 1000 1000
3286 979 1000 1000
7811 844 1000 1000
6251 899 1000 1000
7383 400 1000 1000
2817 463 1000 1000
4634 676 1000 1000
5809 580 1000 1000
6371 4 1000 1000
1664 67 1000 1000
8943 621 1000 1000
1560 858 1000 1000
5921 334 1000 1000
8655 332 1000 1000
3322 918 1000 1000
8603 884 1000 1000
3290 547 1000 1000
6021 764 1000 1000
5714 824 1000 1000
9096 878 1000 1000
6753 465 1000 1000
3317 285 1000 1000
7739 954 1000 1000
5641 564 1000 1000
6862 199 1000 1000
8125 589 1000 1000
9191 118 1000 1000
4472 352 1000 1000
1342 529 1000 1000
6177 377 1000 1000
3489 274 37 1000
8729 196 1000 1000
4280 701 1000 1000
6671 686 1000 1000
1092 981 1000 1000
8072 849 1000 1000
6160 939 1000 1000
7962 885 1000 1000
6744 204 1000 1000
9462 782 1000 1000
7957 881 1000 1000
4036 286 1000 1000
2335 979 1000 1000
5847 75 1000 1000
3597 57 1000 1000
1144 819 1000 1000
1674 774 1000 1000
7818 804 1000 1000
8416 850 1000 1000
247 415 1000 1000
1772 510 1000 1000
6035 966 1000 1000
5724 785 1000 1000
8614 282 1000 1000
389 858 1000 1000
2469 510 1000 1000
5540 19 1000 1000
4102 900 1000 1000
980 714 1000 1000
8345 621 1000 1000
1363 585 1000 1000
3442 314 1000 1000
7459 196 1000 1000
6644 761 1000 1000
7298 20 1000 1000
3990 803 1000 1000
8674 16 1000 1000
1292 813 1000 1000
9352 252 1000 1000
8135 269 1000 1000
5596 227 1000 1000
7932 224 1000 1000
2056 838 1000 1000
1382 958 1000 1000
9034 652 1000 1000
6274 103 1000 1000
4096 37 1000 1000
7197 901 0 0
5083 467 1000 1000
3651 214 1000 1000
6324 95 1000 1000
8680 602 1000 1000
1457 695 1000 1000
1945 135 1000 1000
285 86 1000 1000
1282 352 1000 1000
3503 72 1000 1000
5810 665 749 771
1448 917 1000 1000
1995 73 1000 1000
4827 457 1000 1000
7508 14 1000 1000
2704 673 1000 1000
9048 675 1000 1000
3157 521 1000 1000
6959 600 1000 1000
6775 621 1000 1000
3164 81 1000 1000
9097 111 1000 1000
673 429 1000 1000
6644 27 1000 1000
8991 940 1000 1000
1697 314 1000 1000
3478 257 1000 1000
7517 294 1000 1000
3618 556 1000 1000
8883 379 1000 1000
6245 785 1000 1000
8232 383 1000 1000
1434 797 1000 1000
1890 221 1000 1000
6389 585 1000 1000
6916 986 1000 1000
7853 290 1000 1000
818 482 1000 1000
3949 752 1000 1000
7164 502 1000 1000
8279 668 1000 1000
2089 695 1000 1000
1070 394 1000 1000
1137 690 1000 1000
7383 730 1000 1000
299 830 1000 1000
6006 364 1000 1000
2032 381 1000 1000
8833 865 1000 1000
2252 618 1000 1000
1126 270 1000 1000
8595 471 1000 1000
5163 687 1000 1000
246 870 667 734
3915 970 1000 1000
1724 567 1000 1000
6664 52 1000 1000
4185 204 1000 1000
6204 442 1000 1000
5633 319 1000 1000
5262 62 1000 1000
4071 780 1000 1000
4045 549 1000 1000
5132 631 1000 1000
3967 413 1000 1000
962 482 1000 1000
7397 188 1000 1000
7730 854 1000 1000
3961 368 1000 1000
8965 734 1000 1000
3247 928 1000 1000
6945 603 1000 1000
6554 182 1000 1000
7508 92 1000 1000
3134 131 1000 1000
4427 620 1000 1000
1995 131 1000 1000
3818 153 1000 1000
3993 301 1000 1000
2226 835 1000 1000
6862 896 1000 1000
9392 409 1000 1000
3016 406 1000 1000
9400 751 1000 1000
453 925 1000 1000
1423 21 1000 1000
7091 490 1000 1000
6929 485 1000 1000
7803 641 1000 1000
3159 630 1000 1000
3681 689 1000 1000
1011 416 0 153
4745 894 749 771
5432 720 1000 1000
9426 632 1000 1000
871 560 1000 1000
455 250 1000 1000
2228 823 1000 1000
7884 261 1000 1000
5686 334 1000 1000
6225 621 1000 1000
4367 642 1000 1000
8477 18 1000 1000
6932 830 1000 1000
650 196 1000 1000
767 327 1000 1000
4341 401 1000 1000
9049 476 1000 1000
3344 912 1000 1000
690 531 1000 1000
6851 613 1000 1000
6727 792 1000 1000
9397 124 1000 1000
418 974 1000 1000
5476 871 1000 1000
9341 794 1000 1000
276 133 1000 1000
2510 195 1000 1000
5131 446 1000 1000
3821 531 1000 1000
1658 106 1000 1000
1803 532 1000 1000
740 97 1000 1000
7360 332 1000 1000
5596 130 1000 1000
6665 138 1000 1000
613 230 1000 1000
9041 240 1000 1000
4524 922 1000 1000
1293 868 1000 1000
4605 159 1000 1000
5695 793 1000 1000
5245 641 1000 1000
8023 27 1000 1000
7677 914 1000 1000
6113 88 1000 1000
4893 179 1000 1000
1737 86 1000 1000
3921 275 1000 1000
6864 298 1000 1000
8320 799 1000 1000
6314 433 308 1000
6292 143 1000 1000
8697 94 1000 1000
2827 766 1000 1000
3012 934 1000 1000
9374 217 1000 1000
3002 640 1000 1000
8019 893 1000 1000
7505 123 1000 1000
3381 865 1000 1000
222 272 1000 1000
6415 677 1000 1000
9321 457 1000 1000
6135 503 1000 1000
5983 937 1000 1000
4700 29 1000 1000
7357 624 1000 1000
7659 534 1000 1000
6522 420 1000 1000
1909 485 1000 1000
8505 532 1000 1000
3951 870 1000 1000
8011 485 1000 1000
9147 306 1000 1000
2471 377 1000 1000
5378 953 1000 1000
1063 947 1000 1000
2005 216 1000 1000
8804 519 1000 1000
2443 194 1000 1000
1082 638 1000 1000
8669 330 1000 1000
7946 422 1000 1000
588 828 1000 1000
2118 441 1000 1000
5561 983 1000 1000
1406 237 1000 1000
1632 529 1000 1000
4881 578 749 771
8317 565 1000 1000
9150 975 1000 1000
6950 424 1000 1000
854 267 749 771
8698 688 1000 1000
1631 976 1000 1000
6604 482 1000 1000
1002 43 1000 1000
2066 260 1000 1000
9029 170 1000 1000
5016 82 1000 1000
2808 312 1000 1000
5689 798 1000 1000
1667 40 1000 1000
5219 788 1000 1000
8632 494 1000 1000
5574 369 1000 1000
2738 213 1000 1000
3280 229 1000 1000
8754 192 1000 1000
608 79 1000 1000
1175 256 1000 1000
319 300 1000 1000
2845 308 1000 1000
4228 315 1000 1000
5228 616 156 1000
8684 784 1000 1000
2121 721 749 771
5229 615 1000 1000
8521 580 1000 1000
6726 978 1000 1000
940 397 1000 1000
475 605 1000 1000
2505 52 1000 1000
1004 369 1000 1000
9473 89 1000 1000
7816 993 1000 1000
6260 296 1000 1000
3375 540 1000 1000
1269 924 1000 1000
5100 879 1000 1000
961 593 1000 1000
8917 336 1000 1000
806 93 1000 1000
8523 198 1000 1000
4405 662 1000 1000
9317 665 1000 1000
4291 79 1000 1000
4415 322 1000 1000
8571 249 1000 1000
6286 615 1000 1000
1592 70 1000 1000
7709 939 1000 1000
8477 747 1000 1000
9252 77 1000 1000
2901 868 1000 1000
8541 245 1000 1000
3736 495 1000 1000
488 311 1000 1000
2502 926 1000 1000
3763 293 1000 1000
7287 282 1000 1000
3663 19 1000 1000
5210 401 1000 1000
9266 93 1000 1000
6684 590 1000 1000
9413 379 1000 1000
6001 694 1000 1000
5298 800 1000 1000
2145 587 1000 1000
9162 151 1000 1000
5061 685 1000 1000
9093 470 1000 1000
8805 600 1000 1000
6591 883 1000 1000
6244 42 1000 1000
9442 511 1000 1000
5004 439 1000 1000
3024 891 1000 1000
4370 69 1000 1000
4061 534 1000 1000
5520 343 1000 1000
2813 331 1000 1000
7901 437 1000 1000
2119 709 1000 1000
6341 16 1000 1000
8241 190 1000 1000
3164 198 1000 1000
1401 968 1000 1000
4727 899 1000 1000
790 118 1000 1000
5703 575 1000 1000
4221 81 1000 1000
5463 476 1000 1000
5636 319 1000 1000
6892 932 1000 1000
3570 988 1000 1000
9019 448 1000 1000
8937 555 1000 1000
7661 253 1000 1000
1524 179 1000 1000
2843 480 1000 1000
7298 838 1000 1000
2048 738 1000 1000
3179 870 1000 1000
8765 265 1000 1000
2204 79 1000 1000
4672 978 1000 1000
3002 455 1000 1000
2343 559 1000 1000
3447 275 1000 1000
2346 334 1000 1000
751 188 1000 1000
2925 30 1000 1000
4797 200 1000 1000
7705 719 1000 1000
1408 671 1000 1000
7705 30 1000 1000
6936 513 1000 1000
1901 855 1000 1000
1426 786 1000 1000
4766 281 1000 1000
6108 877 1000 1000
9414 378 1000 1000
5767 106 1000 1000
5260 58 1000 1000
775 728 1000 1000
3123 799 1000 1000
7969 235 1000 1000
3387 948 1000 1000
7849 582 1000 1000
3514 690 1000 1000
5690 529 1000 1000
3616 202 1000 1000
2554 701 1000 1000
1846 117 1000 1000
1161 282 1000 1000
8151 459 1000 1000
6842 721 1000 1000
741 378 1000 1000
3013 216 1000 1000
8313 893 1000 1000
5628 747 1000 1000
3679 201 1000 1000
1084 528 1000 1000
2643 429 1000 1000
2835 237 1000 1000
5668 193 1000 1000
4600 186 1000 1000
5315 413 1000 1000
2782 646 1000 1000
9116 570 1000 1000
7215 585 1000 1000
1263 563 1000 1000
8833 891 1000 1000
7809 486 1000 1000
1626 416 0 0
311 666 1000 1000
4431 9 1000 1000
9476 784 1000 1000
2488 670 1000 1000
307 125 1000 1000
7563 91 1000 1000
3439 381 1000 1000
1110 206 1000 1000
6779 352 1000 1000
1126 861 1000 1000
6006 682 1000 1000
8608 871 1000 1000
6864 972 1000 1000
3151 481 1000 1000
3186 15 1000 1000
3916 528 1000 1000
266 818 1000 1000
7973 403 1000 1000
4521 278 1000 1000
7943 749 1000 1000
4988 696 1000 1000
1801 856 1000 1000
9389 281 1000 1000
4851 201 1000 1000
1544 617 1000 1000
4116 895 1000 1000
2190 12 1000 1000
6174 898 1000 1000
7426 305 1000 1000
1193 184 1000 1000
3761 958 1000 1000
8905 523 1000 1000
3194 543 1000 1000
3891 828 1000 1000
4028 975 1000 1000
5490 850 1000 1000
8982 739 1000 1000
5694 336 1000 1000
6120 53 1000 1000
2376 646 1000 1000
7234 638 1000 1000
5995 836 1000 1000
2772 90 749 771
1314 242 1000 1000
1167 828 1000 1000
5301 197 1000 1000
5544 759 1000 1000
6463 918 1000 1000
4803 407 1000 1000
3030 561 1000 1000
7815 458 1000 1000
3973 407 1000 1000
8819 950 1000 1000
8300 42 1000 1000
8338 435 1000 1000
9363 610 1000 1000
612 765 1000 1000
8205 275 1000 1000
8101 461 308 1000
1706 662 1000 1000
1263 899 1000 1000
6364 944 1000 1000
4741 758 1000 1000
2392 949 1000 1000
523 976 1000 1000
3626 913 1000 1000
7499 394 1000 1000
275 113 1000 1000
6650 617 1000 1000
2058 186 1000 1000
2578 908 1000 1000
6554 981 1000 1000
6585 386 1000 1000
2175 805 1000 1000
1177 525 1000 1000
5599 385 1000 1000
4071 370 1000 1000
5949 498 1000 1000
552 271 1000 1000
4121 117 1000 1000
7716 618 1000 1000
7497 148 1000 0
3653 430 1000 1000
4657 78 1000 1000
6585 53 1000 1000
3693 445 1000 1000
4057 671 1000 1000
5457 601 1000 1000
8646 262 1000 1000
741 820 1000 1000
9298 836 1000 1000
3627 676 1000 1000
304 308 1000 1000
6410 230 1000 1000
2557 681 1000 1000
4671 420 1000 1000
6112 634 1000 1000
4447 689 1000 1000
7452 883 1000 1000
8612 740 1000 1000
6515 365 1000 1000
9335 105 1000 1000
2705 780 1000 1000
1131 359 1000 1000
8094 78 1000 1000
7678 147 1000 1000
732 386 1000 1000
1385 994 1000 1000
1316 931 1000 1000
3988 716 1000 1000
8669 422 1000 1000
7697 489 1000 1000
1765 0 1000 1000
1215 749 1000 1000
5059 257 1000 1000
9411 273 1000 1000
1869 929 1000 1000
8780 871 1000 1000
1725 65 1000 1000
1516 237 1000 1000
5962 922 1000 1000
927 613 1000 1000
4647 666 1000 1000
5649 156 1000 1000
3895 886 1000 1000
8675 72 1000 1000
770 841 1000 1000
8299 146 1000 1000
258 890 1000 1000
5782 635 1000 1000
8289 659 1000 1000
7041 69 1000 1000
6909 793 1000 1000
996 687 1000 1000
2335 109 1000 1000
1690 60 749 771
4989 724 1000 1000
3668 527 1000 1000
1084 454 1000 1000
8351 932 1000 1000
6853 890 1000 1000
2029 406 1000 1000
5451 788 1000 1000
7525 754 1000 1000
6585 766 1000 1000
1674 197 1000 1000
850 854 1000 1000
7060 573 1000 1000
3582 601 1000 1000
5429 264 1000 1000
1807 583 1000 1000
5114 554 1000 1000
5889 191 1000 1000
208 883 1000 1000
6650 796 749 771
1431 955 1000 1000
9277 279 1000 1000
4611 357 1000 1000
3974 285 1000 1000
4898 521 1000 1000
8613 116 1000 1000
381 531 1000 1000
7212 654 749 771
6617 932 1000 1000
523 122 1000 1000
1629 920 1000 1000
1897 543 1000 1000
3494 973 1000 1000
6336 52 1000 1000
3781 450 1000 1000
4909 896 1000 1000
7912 426 1000 1000
6324 79 1000 1000
5613 859 1000 1000
2556 968 1000 1000
6466 405 1000 1000
8592 859 1000 1000
2154 584 1000 1000
6623 546 1000 1000
3872 899 1000 1000
3311 725 1000 1000
7932 277 1000 1000
3601 643 1000 1000
3868 89 1000 1000
2912 524 1000 1000
9481 197 1000 1000
3202 625 1000 1000
7545 748 1000 1000
4055 559 1000 1000
1388 887 1000 1000
3112 899 1000 1000
1708 109 1000 1000
1495 199 1000 1000
5899 379 1000 1000
3900 84 749 771
2508 677 1000 1000
6781 22 1000 1000
5911 512 1000 1000
2365 21 1000 1000
4007 935 1000 1000
6680 522 1000 1000
199 965 1000 1000
7952 628 1000 1000
8351 250 1000 1000
2052 912 1000 1000
7916 318 1000 1000
3945 226 1000 1000
1527 591 1000 1000
2060 877 1000 1000
6679 959 1000 1000
1382 928 1000 1000
8294 406 1000 1000
9056 629 1000 1000
7049 90 1000 1000
3488 536 1000 1000
7820 58 1000 1000
3770 637 1000 1000
9492 673 1000 1000
6882 689 1000 1000
7129 829 1000 1000
6618 338 1000 1000
7746 287 1000 1000
7503 412 1000 1000
9026 50 1000 1000
8409 190 1000 1000
4250 294 1000 1000
1529 262 1000 1000
3833 108 1000 1000
8971 548 1000 1000
1963 873 1000 1000
7057 476 1000 1000
9364 136 1000 1000
785 386 1000 1000
1838 642 1000 1000
1909 923 1000 1000
595 656 1000 1000
8791 718 1000 1000
2452 572 1000 1000
127 706 1000 1000
9516 649 1000 1000
3766 274 0 1000
7361 82 1000 1000
8724 499 1000 1000
245 619 1000 1000
365 284 1000 1000
5252 666 1000 1000
1158 73 1000 1000
5644 250 1000 1000
9097 986 1000 1000
708 4 1000 1000
2854 601 1000 1000
251 432 667 644
4802 719 1000 1000
4117 397 1000 1000
8080 117 1000 1000
6857 173 1000 1000
5692 869 1000 1000
3184 797 1000 1000
8218 307 1000 1000
4893 969 1000 0
7709 18 1000 1000
2348 467 1000 1000
2327 933 1000 1000
8635 258 1000 1000
1911 238 1000 1000
4552 625 1000 1000
3405 306 1000 1000
3169 596 1000 1000
933 803 1000 1000
1281 156 1000 1000
9417 25 1000 1000
3647 535 749 771
1316 427 1000 1000
6299 496 1000 1000
8428 634 1000 1000
2686 974 1000 1000
4852 578 1000 1000
3923 179 1000 1000
2599 565 1000 1000
3584 880 749 771
4084 40 1000 1000
3698 707 1000 1000
1630 390 1000 1000
8353 902 749 771
7020 88 1000 1000
6805 518 1000 1000
963 85 1000 1000
2837 363 1000 1000
7448 135 1000 1000
5586 505 1000 1000
5386 235 1000 1000
8015 438 1000 1000
8712 366 1000 1000
133 47 1000 973
4535 610 1000 1000
6037 88 1000 1000
2100 185 1000 1000
1798 129 1000 1000
4164 929 1000 1000
7288 818 1000 1000
6945 681 1000 1000
4919 391 1000 1000
2731 364 1000 1000
1345 58 1000 1000
2671 277 1000 1000
3121 124 1000 1000
994 888 1000 1000
7118 972 1000 1000
3077 560 1000 1000
7287 40 1000 1000
4290 923 1000 1000
5524 479 1000 1000
6404 200 1000 1000
7290 976 1000 1000
6322 591 1000 1000
6693 508 1000 1000
2591 990 1000 1000
3878 993 1000 1000
6370 455 1000 1000
5959 698 1000 1000
3313 997 1000 1000
3116 46 1000 1000
2964 209 1000 1000
5805 406 1000 1000
2467 579 1000 1000
6481 663 1000 1000
3723 237 1000 1000
1327 733 1000 1000
2867 551 1000 1000
1548 542 1000 1000
1552 935 1000 1000
4739 285 1000 1000
5580 489 1000 1000
7477 235 1000 1000
6908 136 1000 1000
3834 883 1000 1000
426 784 1000 1000
6136 922 1000 1000
9190 824 1000 1000
5517 321 1000 1000
6228 578 1000 1000
9353 765 1000 1000
3141 807 1000 1000
3525 303 749 771
1850 432 1000 0
8367 380 1000 1000
1782 571 1000 1000
7261 362 1000 1000
7089 850 1000 1000
1815 237 1000 1000
7680 606 1000 1000
6209 810 1000 1000
5090 5 1000 1000
9101 366 1000 1000
8139 248 1000 1000
2745 176 1000 1000
4270 438 1000 1000
5854 255 1000 1000
8404 679 1000 1000
8442 94 1000 1000
7807 515 1000 1000
8526 587 1000 1000
9471 558 1000 1000
2084 875 1000 1000
5959 596 1000 1000
3863 835 1000 1000
2003 390 1000 1000
7449 754 1000 1000
2893 573 1000 1000
7253 92 1000 1000
4019 857 1000 1000
978 842 1000 1000
2170 97 1000 1000
4387 62 1000 1000
8128 663 1000 1000
9079 951 1000 1000
2728 527 1000 1000
918 813 1000 1000
1031 507 1000 1000
6296 71 749 771
2080 576 1000 1000
1995 672 0 0
6157 568 1000 1000
3544 293 1000 1000
8795 54 1000 1000
2018 70 1000 1000
2528 598 1000 1000
3897 573 1000 1000
9423 813 1000 1000
1139 248 1000 1000
8516 248 1000 1000
4138 293 1000 1000
3675 497 1000 1000
7428 546 1000 1000
8350 230 1000 1000
4001 686 1000 1000
7804 609 1000 1000
7661 564 1000 1000
4207 158 1000 1000
6119 506 1000 1000
8176 471 1000 1000
2824 295 1000 1000
8143 613 1000 1000
7371 471 1000 1000
2383 846 1000 1000
6539 790 1000 1000
4314 101 1000 1000
4103 559 1000 1000
7872 747 1000 1000
9001 347 1000 1000
1641 809 1000 1000
7577 416 0 0
5620 182 1000 1000
298 645 1000 1000
7093 867 1000 1000
2663 37 1000 1000
5227 527 1000 1000
1100 864 1000 1000
2895 38 1000 1000
5011 363 1000 1000
7884 10 1000 1000
1381 147 1000 1000
7026 525 1000 1000
308 261 595 679
237 327 1000 1000
5696 309 1000 1000
8447 167 1000 1000
3015 487 1000 1000
3900 254 1000 1000
1821 396 1000 1000
456 249 1000 1000
2275 599 1000 1000
7175 448 1000 1000
4863 383 1000 1000
3285 394 1000 1000
5647 755 1000 1000
1420 913 1000 1000
3243 148 1000 0
6152 955 1000 1000
7858 296 1000 1000
5110 274 0 1000
1713 92 1000 1000
7894 850 1000 1000
9025 395 1000 1000
6086 819 1000 1000
9362 614 1000 1000
3267 396 1000 1000
2551 354 1000 1000
700 546 1000 1000
1643 269 1000 1000
1217 646 1000 1000
9094 248 1000 1000
2474 31 1000 1000
2459 521 1000 1000
2321 718 1000 1000
6880 376 1000 1000
1208 662 1000 1000
5993 776 1000 1000
8178 807 1000 1000
7156 973 1000 1000
3957 643 1000 1000
3976 326 1000 1000
3655 354 1000 1000
3893 138 1000 1000
3585 805 1000 1000
4471 59 1000 1000
279 81 934 1000
9266 83 1000 1000
2144 337 1000 1000
7066 536 1000 1000
6460 852 1000 1000
8309 887 1000 1000
6078 963 1000 1000
1050 610 1000 1000
7043 260 1000 1000
3812 523 1000 1000
7544 561 1000 1000
8210 813 1000 1000
3406 504 1000 1000
2281 527 1000 1000
2605 982 1000 1000
3233 608 1000 1000
4274 917 1000 1000
4918 235 1000 1000
5432 34 1000 1000
6319 139 1000 1000
8505 243 1000 1000
297 731 595 679
7423 963 1000 1000
579 78 1000 1000
2970 491 1000 1000
1758 374 1000 1000
6817 459 1000 1000
5149 39 1000 1000
2515 457 1000 1000
986 390 1000 1000
9329 465 1000 1000
5229 169 1000 1000
8762 903 1000 1000
2348 622 1000 1000
3595 856 1000 1000
3766 134 1000 1000
5883 369 1000 1000
4844 691 1000 1000
6104 840 1000 1000
5772 756 1000 1000
8868 442 1000 1000
5656 817 1000 1000
1901 285 1000 1000
6906 58 1000 1000
4073 66 1000 1000
7518 995 1000 1000
1572 268 1000 1000
2996 83 1000 1000
9112 380 1000 1000
5787 479 1000 1000
6407 340 1000 1000
6137 399 1000 1000
8412 641 1000 1000
2756 690 1000 1000
890 923 1000 1000
1954 646 1000 1000
2452 891 1000 1000
1155 178 1000 0
1385 18 1000 1000
7290 399 1000 1000
1693 411 1000 1000
89 6 1000 1000
4279 749 1000 1000
4811 485 1000 1000
1825 487 1000 1000
3165 185 1000 1000
8491 207 1000 1000
1840 929 1000 1000
3755 160 749 771
2650 67 1000 1000
2102 86 1000 1000
2001 466 1000 1000
1859 884 1000 1000
5050 521 1000 1000
4395 349 1000 1000
741 153 1000 1000
7267 673 1000 1000
2133 670 1000 1000
509 700 1000 1000
7966 948 1000 1000
6616 958 1000 1000
8454 194 1000 1000
2845 786 1000 1000
1260 307 1000 1000
2936 693 1000 1000
901 653 1000 1000
3063 764 1000 1000
8384 217 1000 1000
1776 493 1000 1000
7369 101 1000 1000
7788 818 1000 1000
3967 208 1000 1000
859 767 1000 1000
5883 824 1000 1000
9225 200 1000 1000
6793 213 1000 1000
4425 688 1000 1000
8481 358 1000 1000
9301 875 1000 1000
7374 799 1000 1000
3931 368 1000 1000
1991 45 1000 1000
9041 86 1000 1000
2774 422 1000 1000
5889 121 1000 1000
8443 936 1000 1000
5042 802 1000 1000
6575 768 1000 1000
8093 731 1000 1000
3384 310 1000 1000
5378 368 1000 1000
6300 187 1000 1000
8606 734 1000 1000
919 889 1000 1000
4388 957 1000 1000
6824 450 1000 1000
7489 331 1000 1000
732 919 1000 1000
7229 953 1000 1000
9254 483 1000 1000
4983 294 1000 1000
5808 550 1000 1000
9469 475 1000 1000
7345 735 1000 1000
4947 433 0 1000
7610 535 1000 1000
5685 989 1000 1000
5390 539 1000 1000
3127 377 1000 1000
497 873 1000 1000
7808 834 1000 1000
8755 903 1000 1000
3759 671 1000 1000
5303 891 1000 1000
5106 145 1000 1000
9340 530 1000 1000
6187 762 1000 1000
8500 800 1000 1000
8994 955 1000 1000
1864 903 1000 1000
1942 993 1000 1000
2092 478 1000 1000
788 642 1000 1000
8545 347 1000 1000
7939 297 1000 1000
5089 84 1000 1000
1140 669 1000 1000
268 119 1000 1000
8279 604 1000 1000
5799 697 1000 1000
9051 861 1000 1000
5742 213 1000 1000
5026 38 1000 1000
9293 671 1000 1000
6409 51 1000 1000
7527 879 1000 1000
8971 343 1000 1000
290 216 1000 1000
820 15 1000 1000
3747 588 1000 1000
2322 855 1000 1000
9046 369 1000 1000
2433 680 1000 1000
7325 631 1000 1000
7814 976 1000 1000
5821 96 1000 1000
1117 355 1000 1000
7159 905 1000 1000
6829 947 1000 1000
4627 964 749 771
6636 930 1000 1000
8458 859 1000 1000
3771 411 1000 1000
6778 793 1000 1000
3776 66 1000 1000
719 672 0 0
8096 756 1000 1000
6473 855 1000 1000
1842 710 749 771
8379 718 1000 1000
7207 416 0 0
3100 498 1000 1000
4948 129 1000 1000
5817 934 1000 1000
7363 87 1000 1000
4871 895 1000 1000
6250 68 1000 1000
8259 39 1000 1000
7039 647 1000 1000
8151 665 1000 1000
7653 228 1000 1000
1702 967 1000 1000
855 107 1000 1000
1234 423 1000 1000
5177 640 1000 1000
3879 997 1000 1000
8470 42 1000 1000
648 934 1000 1000
4207 805 1000 1000
5002 801 1000 1000
3150 111 1000 1000
6308 249 1000 1000
1744 545 1000 1000
7944 69 1000 1000
5244 582 1000 1000
3619 731 1000 1000
8812 500 1000 1000
4687 791 1000 1000
2798 415 1000 1000
7310 724 1000 1000
7236 991 1000 1000
4046 266 1000 1000
7628 839 1000 1000
4109 210 1000 1000
5194 571 1000 1000
9271 447 1000 1000
7946 885 1000 1000
871 570 1000 1000
7123 314 1000 1000
3552 376 1000 1000
2950 53 1000 1000
754 758 1000 1000
5805 673 1000 1000
7721 845 1000 1000
1257 961 1000 1000
2289 670 1000 1000
2013 588 1000 1000
2748 39 1000 1000
4663 490 1000 1000
5850 546 1000 1000
378 98 1000 1000
2169 788 1000 1000
7544 253 1000 1000
4590 170 1000 1000
4251 660 1000 1000
8342 118 1000 1000
9293 842 1000 1000
7255 168 1000 1000
5212 390 1000 1000
841 924 1000 1000
3146 755 1000 1000
6867 73 1000 1000
3393 103 1000 1000
3033 477 1000 1000
2302 297 1000 1000
4509 378 1000 1000
9194 494 1000 1000
7170 584 1000 1000
9107 773 1000 1000
1618 877 1000 1000
1047 459 1000 1000
1038 299 1000 1000
9097 969 1000 0
7199 558 1000 1000
8868 450 1000 1000
1882 750 1000 1000
941 902 1000 1000
5427 609 1000 1000
3489 492 1000 1000
6735 807 1000 1000
3540 258 1000 1000
807 532 1000 1000
2245 572 1000 1000
3380 984 1000 1000
3561 575 1000 1000
814 429 1000 1000
457 286 1000 1000
6629 557 1000 1000
7068 741 1000 1000
6227 571 1000 1000
2909 183 1000 1000
3280 679 1000 1000
5354 724 1000 1000
5351 511 1000 1000
290 271 1000 1000
3080 94 1000 1000
6658 863 1000 1000
6070 312 1000 1000
3834 346 1000 1000
1841 278 1000 1000
6187 83 1000 1000
2274 417 1000 1000
1278 118 1000 1000
6769 52 1000 1000
4275 968 1000 1000
6797 967 1000 1000
5686 732 1000 1000
4614 219 1000 1000
5345 903 1000 1000
7595 47 308 1000
8824 5 1000 1000
1622 908 1000 1000
2818 162 1000 1000
1786 863 1000 1000
7470 382 1000 1000
7217 581 1000 1000
8000 830 1000 1000
2866 476 1000 1000
4830 160 1000 1000
5619 193 1000 1000
3677 689 1000 1000
2274 775 1000 1000
6837 897 1000 1000
5796 603 1000 1000
2494 115 1000 1000
3793 67 1000 1000
1341 844 1000 1000
5953 818 1000 1000
6800 990 1000 1000
5621 73 1000 1000
1225 842 1000 1000
1063 759 1000 1000
9340 146 1000 1000
4449 951 1000 1000
3722 902 1000 1000
8465 148 1000 0
309 517 1000 1000
8453 933 1000 1000
6648 478 1000 1000
5742 445 1000 1000
495 262 1000 1000
3801 894 1000 1000
1989 65 1000 1000
8495 907 1000 1000
219 923 1000 1000
7794 403 1000 1000
4908 265 1000 1000
8806 18 1000 1000
4967 617 1000 1000
7197 66 1000 1000
4489 804 1000 1000
7491 243 1000 1000
3576 501 1000 1000
9010 742 1000 1000
4536 111 1000 1000
3997 717 1000 1000
792 409 1000 1000
7803 716 1000 1000
5431 705 1000 1000
2721 702 1000 1000
1961 727 1000 1000
5170 855 1000 1000
693 431 1000 1000
4490 714 1000 1000
1286 68 1000 1000
3968 495 1000 1000
2805 907 1000 1000
3356 131 1000 1000
8817 55 1000 1000
2301 542 1000 1000
2652 271 1000 1000
3455 751 1000 1000
3223 761 1000 1000
7828 892 1000 1000
3031 418 1000 1000
5345 659 1000 1000
7948 400 1000 1000
2140 828 1000 1000
6914 625 1000 1000
2486 626 1000 1000
5901 796 1000 1000
8086 232 1000 1000
1988 195 1000 1000
4975 813 1000 1000
4047 541 1000 1000
4618 713 1000 1000
2270 691 1000 1000
8748 236 1000 1000
7072 918 1000 1000
7916 97 1000 1000
4584 378 1000 1000
5511 450 1000 1000
9119 830 1000 1000
1990 74 1000 1000
3843 786 1000 1000
1443 133 1000 1000
318 867 1000 1000
8471 660 1000 1000
7141 375 1000 1000
2413 648 1000 1000
9024 368 1000 1000
5631 751 1000 1000
9092 212 749 771
1590 528 1000 1000
3960 38 1000 1000
7737 806 1000 1000
5875 618 1000 1000
9160 659 1000 1000
4652 118 1000 1000
4304 507 1000 1000
4273 137 1000 1000
866 707 1000 1000
5514 73 1000 1000
7111 831 1000 1000
8405 740 1000 1000
3702 987 1000 1000
7024 872 1000 1000
9510 795 1000 1000
7431 556 1000 1000
2591 136 1000 1000
4759 442 1000 1000
9100 685 1000 1000
5460 185 1000 1000
8821 731 1000 1000
4907 170 1000 1000
3095 100 1000 1000
5996 671 1000 1000
1814 815 1000 1000
7732 169 1000 1000
495 267 1000 1000
7843 662 1000 1000
7896 831 1000 1000
3835 201 1000 1000
9395 653 1000 1000
8635 959 1000 1000
8715 591 1000 1000
1239 801 1000 1000
3740 749 1000 1000
6448 788 1000 1000
6938 90 1000 1000
8465 389 1000 1000
5996 43 1000 1000
5102 448 1000 1000
3630 513 1000 1000
9404 627 1000 1000
3136 447 1000 1000
3776 332 1000 1000
5467 943 1000 1000
4942 191 1000 1000
280 156 1000 1000
532 308 1000 1000
6039 694 1000 1000
7120 386 1000 1000
5556 486 1000 1000
8804 397 1000 1000
1944 370 1000 1000
4893 277 1000 1000
7403 780 1000 1000
4662 450 1000 1000
7790 100 1000 1000
6842 777 1000 1000
4392 324 1000 1000
7531 213 1000 1000
5523 79 1000 1000
5223 266 1000 1000
8936 59 1000 1000
3936 684 1000 1000
6938 668 1000 1000
8289 706 1000 1000
8143 964 1000 1000
8071 137 1000 1000
9113 527 1000 1000
2330 930 1000 1000
4316 71 1000 1000
4953 204 1000 1000
698 469 1000 1000
9140 607 1000 1000
3435 554 1000 1000
9255 758 1000 1000
2851 196 1000 1000
8592 290 1000 1000
3898 199 1000 1000
7307 421 1000 1000
3888 649 1000 1000
9416 551 1000 1000
1033 76 1000 1000
3181 613 1000 1000
9318 342 749 771
5649 858 1000 1000
9376 701 1000 1000
3681 867 1000 1000
8247 896 1000 1000
1161 261 1000 1000
6848 512 1000 1000
6401 332 1000 1000
9525 474 1000 1000
6421 396 1000 1000
2745 716 1000 1000
6754 337 1000 1000
5536 94 1000 1000
4901 893 1000 1000
8624 894 1000 1000
4123 501 1000 1000
3655 899 1000 1000
9232 9 1000 1000
2914 731 1000 1000
2603 891 1000 1000
1791 759 1000 1000
9242 314 1000 1000
1088 487 1000 1000
7884 36 1000 1000
7402 997 1000 1000
6008 589 1000 1000
2844 67 1000 1000
8292 855 1000 1000
1486 752 1000 1000
613 933 1000 1000
6124 933 1000 1000
5545 157 1000 1000
1360 946 1000 1000
2427 885 1000 1000
