78 96 40 88
216 196 100 66
163 72 100 66
14 78 0 26
118 52 100 68
238 8 100 66
18 163 38 72
147 0 100 66
224 52 100 66
88 115 100 66
161 98 100 66
142 102 100 66
167 115 100 66
216 47 100 66
257 37 100 66
218 11 100 66
92 76 100 66
59 21 0 26
144 172 100 66
259 164 100 66
65 142 84 100
122 76 100 66
115 177 100 66
138 29 100 66
110 109 100 66
134 66 100 66
104 27 100 66
188 149 100 66
198 66 100 66
154 114 100 66
72 178 92 100
190 49 100 66
80 46 62 100
100 85 100 66
204 179 100 66
176 156 100 66
156 21 100 66
201 61 100 66
213 50 100 66
159 144 100 66
139 136 100 66
124 92 100 66
94 143 2 26
128 62 100 66
148 150 100 66
225 41 100 66
261 31 100 66
242 12 100 66
196 143 100 66
103 122 100 66
70 65 6 4
245 61 100 66
57 17 6 4
129 152 100 66
210 14 100 66
171 105 100 66
229 88 100 66
261 155 100 66
209 26 100 66
37 85 100 100
256 146 100 66
250 20 100 66
233 151 100 66
39 85 100 100
178 15 100 66
193 165 100 66
181 88 100 66
211 136 100 66
174 100 100 66
152 166 100 66
221 84 100 66
39 180 10 0
131 102 100 0
172 27 100 66
169 12 100 66
148 129 100 66
249 59 100 66
263 47 100 66
135 170 100 66
91 68 64 92
64 198 62 100
136 117 64 0
144 117 66 0
47 48 100 64
187 101 100 66
80 63 100 6
186 179 100 66
158 59 100 66
82 4 62 90
123 196 100 66
195 31 100 66
67 36 100 66
248 141 100 66
117 140 100 66
191 143 100 66
49 127 100 68
198 76 100 66
194 190 100 66
172 138 100 66
104 24 100 66
124 96 66 0
181 136 100 66
216 68 66 0
193 69 100 66
44 134 26 70
240 68 66 0
105 118 100 66
151 49 100 66
107 4 64 0
93 29 100 44
167 132 100 66
229 135 100 66
86 38 100 0
200 134 34 100
70 24 100 64
132 168 100 0
215 139 100 66
152 75 100 66
262 189 100 66
242 149 100 66
211 159 100 66
190 30 100 66
257 195 100 66
251 61 100 66
226 172 100 66
224 177 100 66
234 44 100 66
216 199 100 66
104 117 20 0
238 71 100 66
237 76 100 66
162 192 100 66
59 7 6 4
136 140 100 66
130 196 100 66
245 43 100 66
122 85 100 66
197 8 100 66
71 141 100 100
216 99 100 66
171 69 100 66
51 193 64 0
40 179 100 66
215 197 100 66
236 98 100 66
118 10 40 92
40 48 100 28
108 128 64 0
63 7 44 30
176 124 100 66
157 63 66 0
120 57 26 70
235 119 100 66
218 197 100 66
188 188 100 66
117 194 100 66
141 184 100 66
211 8 100 66
197 148 100 66
187 158 100 66
57 81 64 100
141 188 100 66
111 101 72 100
103 93 100 68
253 136 100 66
67 156 72 92
123 198 34 100
262 171 100 66
152 117 0 34
214 20 100 66
189 66 100 66
113 185 100 66
205 47 100 66
152 151 100 66
85 194 72 92
94 50 100 100
206 194 66 0
225 83 100 66
122 12 90 66
99 11 100 20
243 153 100 66
256 196 100 66
56 126 62 90
123 121 100 68
128 169 90 90
86 163 34 100
161 33 100 66
151 8 100 66
116 74 100 66
168 78 100 66
246 113 100 66
112 15 100 100
218 148 100 66
138 49 100 66
110 99 100 66
162 43 100 66
187 10 0 34
236 167 100 66
192 19 100 66
126 96 66 0
79 69 100 66
178 58 100 66
144 32 100 66
153 188 100 66
202 80 100 66
263 59 100 66
233 44 100 66
84 55 8 72
17 193 42 0
62 154 8 72
224 96 66 0
210 58 100 66
165 134 34 100
253 128 0 34
243 113 100 66
166 61 100 66
192 94 100 66
189 97 100 66
163 21 100 66
197 190 100 66
115 29 100 64
144 54 100 66
211 165 100 66
238 128 0 34
149 54 100 66
165 0 100 66
88 7 100 0
136 86 100 66
146 185 100 66
130 63 66 0
225 33 100 66
58 179 72 92
181 154 0 34
216 122 100 66
74 17 46 88
262 3 100 66
252 178 34 100
197 118 100 66
124 167 100 0
102 43 70 100
190 165 100 66
188 7 66 0
227 159 100 66
110 84 72 100
177 35 100 66
186 119 100 66
198 154 0 34
232 47 100 66
75 199 100 44
194 95 100 66
113 71 100 66
169 25 100 66
101 179 66 0
155 82 100 66
258 137 100 66
202 132 100 66
90 3 100 66
165 10 0 34
217 146 100 66
248 178 34 100
221 155 100 66
59 74 70 100
210 28 100 66
252 118 100 66
253 141 100 66
76 129 100 44
220 80 100 66
108 113 8 70
130 65 100 66
82 69 100 66
98 143 100 20
161 162 100 66
97 49 48 88
133 35 100 66
183 179 66 0
69 69 8 70
158 186 100 66
96 87 40 92
232 125 100 66
253 96 66 0
112 58 100 66
118 114 100 66
90 26 100 66
213 74 34 100
82 108 0 26
171 179 66 0
253 110 100 66
122 188 26 70
186 173 100 66
142 190 100 66
45 81 54 100
136 62 100 66
134 140 100 66
148 113 0 34
102 187 100 26
196 194 66 0
143 48 34 100
141 153 100 66
176 57 34 100
82 151 100 92
136 68 66 0
35 97 100 100
219 117 0 34
182 53 100 66
76 24 6 0
96 175 8 90
124 134 34 100
242 182 100 66
256 180 100 66
104 1 100 6
231 35 100 66
213 61 100 66
228 49 66 0
108 76 100 66
189 106 100 66
219 197 100 66
226 157 100 66
216 197 100 66
237 125 100 66
236 147 100 66
199 167 100 66
254 32 100 66
215 91 100 66
148 50 100 66
137 72 100 66
193 77 100 66
46 163 100 64
103 76 100 66
212 7 66 0
57 3 72 92
141 51 100 66
158 1 100 66
35 183 2 4
260 17 66 0
166 126 100 66
85 104 92 100
223 172 100 66
102 7 66 0
188 100 100 66
171 154 0 34
180 100 100 66
93 111 100 66
229 172 100 66
226 31 100 66
56 174 2 26
133 130 100 0
88 54 100 64
201 161 100 66
172 105 100 66
175 149 100 66
164 29 100 66
107 103 40 88
228 121 100 66
183 114 100 66
247 96 66 0
248 166 100 66
217 38 66 0
175 81 0 34
232 68 66 0
154 28 100 66
119 198 34 100
173 102 66 0
206 33 100 66
103 44 100 44
118 199 66 0
99 12 92 52
106 60 100 64
248 15 34 100
98 0 100 66
96 114 100 26
140 191 100 66
133 151 34 100
224 99 100 66
219 161 100 66
199 33 100 66
141 58 100 66
136 172 100 66
137 80 100 66
257 51 100 66
188 8 100 66
223 122 100 66
102 5 100 26
184 41 100 66
255 42 100 66
222 146 100 66
80 165 100 100
187 146 100 66
254 192 100 66
253 147 100 66
42 97 8 48
59 22 100 64
161 0 100 66
221 7 66 0
203 5 100 66
115 30 72 100
104 76 100 66
246 120 100 66
58 26 8 90
178 35 100 66
200 159 100 66
247 19 100 66
109 195 100 100
70 67 62 90
138 152 100 66
227 144 100 66
221 0 100 66
195 43 34 100
56 184 100 20
263 18 100 66
82 27 100 6
131 155 100 66
117 116 100 66
143 4 66 0
73 194 50 0
212 196 100 66
258 39 100 66
115 100 100 6
184 59 100 66
231 31 100 66
65 193 0 34
161 50 100 66
160 98 100 66
153 12 34 100
106 76 100 66
93 54 100 6
157 188 34 100
88 183 66 0
122 89 100 66
107 163 100 66
115 154 0 34
190 195 100 66
197 66 100 66
126 40 100 66
248 129 66 0
116 3 66 0
30 97 30 10
83 116 100 66
243 152 100 66
216 86 100 66
260 98 100 66
92 164 100 100
94 128 62 12
98 83 100 66
133 24 0 34
158 182 100 66
243 18 100 66
197 157 100 66
114 79 92 100
64 124 100 50
114 58 100 66
246 146 100 66
169 116 100 66
110 90 8 70
159 147 100 66
199 121 100 66
185 99 100 66
60 142 28 70
128 116 100 66
225 61 100 66
72 97 66 0
222 3 66 0
247 151 34 100
181 113 0 34
169 190 100 66
257 60 100 66
243 84 0 34
176 161 100 66
190 143 100 66
98 107 100 66
101 128 100 26
263 163 100 66
163 185 100 66
230 138 100 66
65 41 100 66
219 5 100 66
226 118 100 66
74 107 100 64
215 114 66 0
118 108 64 0
209 145 100 66
127 24 0 34
90 38 0 36
76 131 38 30
40 181 0 26
222 1 100 66
260 49 66 0
28 23 2 26
258 183 66 0
126 16 26 70
238 12 34 100
136 31 90 90
253 44 66 0
112 148 100 66
41 69 0 10
71 86 100 66
165 129 66 0
58 136 100 64
126 75 100 66
78 181 26 70
103 187 100 6
