350 333 24 25
403 351 24 25
748 140 24 25
482 218 24 25
301 185 24 25
619 168 24 25
539 3 24 25
530 376 24 25
195 403 24 25
742 333 49 19
170 489 6 33
154 273 24 25
222 474 24 25
617 309 24 25
229 220 24 25
412 461 24 25
704 396 24 25
369 264 24 25
331 320 24 25
507 458 24 25
264 46 24 25
227 239 24 25
466 26 24 25
621 96 24 25
195 189 24 25
579 230 24 25
510 482 24 25
405 246 24 25
634 379 24 25
338 334 24 25
434 188 24 25
724 59 24 25
344 297 24 25
116 125 24 25
542 83 24 25
140 490 0 31
150 362 22 36
336 426 24 25
758 451 24 25
724 237 24 25
453 493 24 25
678 40 24 25
760 492 24 25
536 107 24 25
539 55 24 25
535 409 24 25
531 202 24 25
406 406 24 25
560 150 24 25
268 226 24 25
120 56 24 25
576 188 49 19
515 474 49 19
456 182 24 25
477 297 49 19
177 457 1 19
272 146 24 25
524 170 24 25
137 311 22 37
730 375 24 25
185 186 24 25
368 107 49 19
128 272 18 30
157 414 19 27
528 351 49 19
635 302 24 25
165 95 24 25
391 95 49 19
677 116 24 25
300 483 24 25
482 215 24 25
688 28 24 25
735 162 24 25
93 68 23 20
173 404 24 25
304 11 24 25
628 484 24 25
662 137 24 25
192 235 24 25
326 415 24 25
110 106 23 25
297 419 24 25
223 50 24 25
484 44 24 25
149 400 15 36
295 300 24 25
212 170 49 19
438 226 49 19
649 318 24 25
555 334 49 19
182 163 24 25
391 416 24 25
327 347 24 25
510 222 24 25
738 390 24 25
556 468 24 25
679 139 24 25
444 58 24 25
417 293 24 25
131 137 49 19
